#
# A fatal error has been detected by the Java Runtime Environment:
#
#  EXCEPTION_ACCESS_VIOLATION (0xc0000005) at pc=0x00007ff85c11c9e6, pid=10260, tid=16912
#
# JRE version: OpenJDK Runtime Environment (11.0.10) (build 11.0.10+0-b96-7249189)
# Java VM: OpenJDK 64-Bit Server VM (11.0.10+0-b96-7249189, mixed mode, tiered, compressed oops, g1 gc, windows-amd64)
# Problematic frame:
# V  [jvm.dll+0x18c9e6]
#
# No core dump will be written. Minidumps are not enabled by default on client versions of Windows
#
# If you would like to submit a bug report, please visit:
#   https://bugreport.java.com/bugreport/crash.jsp
#

---------------  S U M M A R Y ------------

Command Line: --add-opens=java.base/java.util=ALL-UNNAMED --add-opens=java.base/java.lang=ALL-UNNAMED --add-opens=java.base/java.lang.invoke=ALL-UNNAMED --add-opens=java.base/java.util=ALL-UNNAMED --add-opens=java.prefs/java.util.prefs=ALL-UNNAMED --add-opens=java.prefs/java.util.prefs=ALL-UNNAMED --add-opens=java.base/java.nio.charset=ALL-UNNAMED --add-opens=java.base/java.net=ALL-UNNAMED --add-opens=java.base/java.util.concurrent.atomic=ALL-UNNAMED -Xmx2048m -Dfile.encoding=UTF-8 -Duser.country=US -Duser.language=en -Duser.variant org.gradle.launcher.daemon.bootstrap.GradleDaemon 7.0.2

Host: Intel(R) Core(TM) i7-8550U CPU @ 1.80GHz, 8 cores, 7G,  Windows 10 , 64 bit Build 19041 (10.0.19041.2251)
Time: Thu Nov 24 15:30:17 2022 Romance Standard Time elapsed time: 411.314603 seconds (0d 0h 6m 51s)

---------------  T H R E A D  ---------------

Current thread (0x000001ecc64be800):  ConcurrentGCThread "G1 Conc#1" [stack: 0x000000e44d500000,0x000000e44d600000] [id=16912]

Stack: [0x000000e44d500000,0x000000e44d600000],  sp=0x000000e44d5ff508,  free space=1021k
Native frames: (J=compiled Java code, j=interpreted, Vv=VM code, C=native code)
V  [jvm.dll+0x18c9e6]


siginfo: EXCEPTION_ACCESS_VIOLATION (0xc0000005), reading address 0x0000000342199398


Register to memory mapping:

RIP=0x00007ff85c11c9e6 jvm.dll
RAX=0x0000000000000001 is an unknown value
RBX=0x000000008182ead0 is pointing into object: [B 
{0x0000000081800000} - klass: {type array byte}
 - length: 1210794
RCX=0x000000008182ead0 is pointing into object: [B 
{0x0000000081800000} - klass: {type array byte}
 - length: 1210794
RDX=0x000000008182ead0 is pointing into object: [B 
{0x0000000081800000} - klass: {type array byte}
 - length: 1210794
RSP=0x000000e44d5ff508 points into unknown readable memory: 0x00007ff85c26a4ea | ea a4 26 5c f8 7f 00 00
RBP=0x000001eca995f560 points into unknown readable memory: 0x000001eca9968000 | 00 80 96 a9 ec 01 00 00
RSI=0x0000000000000001 is an unknown value
RDI=0x0 is NULL
R8 =0x0 is NULL
R9 =0x0000000342199390 is an unknown value
R10=0x000001eca995f560 points into unknown readable memory: 0x000001eca9968000 | 00 80 96 a9 ec 01 00 00
R11=0x000001ecbf340000 points into unknown readable memory: 0x8484848121200009 | 09 00 20 21 81 84 84 84
R12=0x000000000000000c is an unknown value
R13=0xaaaaaaaaaaaaaaab is an unknown value
R14=0x0000000000000001 is an unknown value
R15=0x000000e44d5ff6e0 points into unknown readable memory: 0x000001eca995f560 | 60 f5 95 a9 ec 01 00 00


Registers:
RAX=0x0000000000000001, RBX=0x000000008182ead0, RCX=0x000000008182ead0, RDX=0x000000008182ead0
RSP=0x000000e44d5ff508, RBP=0x000001eca995f560, RSI=0x0000000000000001, RDI=0x0000000000000000
R8 =0x0000000000000000, R9 =0x0000000342199390, R10=0x000001eca995f560, R11=0x000001ecbf340000
R12=0x000000000000000c, R13=0xaaaaaaaaaaaaaaab, R14=0x0000000000000001, R15=0x000000e44d5ff6e0
RIP=0x00007ff85c11c9e6, EFLAGS=0x0000000000010206

Top of Stack: (sp=0x000000e44d5ff508)
0x000000e44d5ff508:   00007ff85c26a4ea 000000008182ead0
0x000000e44d5ff518:   000000e44d5ff708 00000001004def00
0x000000e44d5ff528:   00007ff85c26a396 000001ecc53ca101
0x000000e44d5ff538:   00007ff85c26a396 000000e44d5ff708
0x000000e44d5ff548:   000000008182ead0 000001eca9974890
0x000000e44d5ff558:   000000e44d5ff708 0000000000000000
0x000000e44d5ff568:   00007ff85c2621ed 00000000849dff2c
0x000000e44d5ff578:   00007ff85c26362d 00000000849df8f8
0x000000e44d5ff588:   00000000849df9e0 000000e44d5ff6e0
0x000000e44d5ff598:   000001ecc53ca101 0000000100025290
0x000000e44d5ff5a8:   00007ff85c261aa1 00000000000000c7
0x000000e44d5ff5b8:   00000000849df8f8 00000000849df8c0
0x000000e44d5ff5c8:   0000000000000000 00000000849df8f8
0x000000e44d5ff5d8:   00007ff85c26ffcf 000001eca9974890
0x000000e44d5ff5e8:   0000000000940000 000000e44d5ff6e0
0x000000e44d5ff5f8:   0000000000000000 00000000849df8f8 

Instructions: (pc=0x00007ff85c11c9e6)
0x00007ff85c11c8e6:   82 00 48 d3 e0 48 03 05 1e 22 82 00 eb 04 48 8b
0x00007ff85c11c8f6:   43 08 81 78 08 00 00 00 c0 73 7d 48 8b 4f 38 48
0x00007ff85c11c906:   8b d3 48 8b 01 ff 50 20 84 c0 75 6c 38 05 80 ac
0x00007ff85c11c916:   86 00 74 15 8b 53 08 8b 0d f5 21 82 00 48 d3 e2
0x00007ff85c11c926:   48 03 15 e3 21 82 00 eb 04 48 8b 53 08 48 8b cb
0x00007ff85c11c936:   48 89 5c 24 20 e8 a0 00 00 00 80 7f 30 00 48 63
0x00007ff85c11c946:   c8 48 89 4c 24 28 0f 28 44 24 20 74 17 0f 11 86
0x00007ff85c11c956:   98 03 00 00 48 8b 5c 24 40 48 8b 74 24 48 48 83
0x00007ff85c11c966:   c4 30 5f c3 48 8b 07 48 8d 54 24 20 48 8b cf 66
0x00007ff85c11c976:   0f 7f 44 24 20 ff 50 38 48 8b 5c 24 40 48 8b 74
0x00007ff85c11c986:   24 48 48 83 c4 30 5f c3 cc cc 48 8b 49 38 48 8b
0x00007ff85c11c996:   01 48 ff 60 28 cc cc cc cc cc 80 3d f1 ab 86 00
0x00007ff85c11c9a6:   00 48 8b c1 74 1b 8b 51 08 8b 0d 63 21 82 00 48
0x00007ff85c11c9b6:   d3 e2 48 8b c8 48 03 15 4e 21 82 00 e9 19 00 00
0x00007ff85c11c9c6:   00 48 8b 51 08 48 8b c8 e9 0d 00 00 00 cc cc cc
0x00007ff85c11c9d6:   cc cc cc cc cc cc cc cc cc cc 4c 8b ca 48 8b d1
0x00007ff85c11c9e6:   45 8b 41 08 45 85 c0 7e 0e 41 f6 c0 01 75 59 41
0x00007ff85c11c9f6:   c1 f8 03 41 8b c0 c3 79 4f 80 3d 92 ab 86 00 00
0x00007ff85c11ca06:   b8 0c 00 00 00 b9 10 00 00 00 0f 45 c8 8b 05 ab
0x00007ff85c11ca16:   6c 80 00 ff c8 4c 63 c8 48 63 c1 41 8b c8 83 e1
0x00007ff85c11ca26:   3f 48 63 14 10 41 8b c0 48 c1 f8 10 0f b6 c0 48
0x00007ff85c11ca36:   d3 e2 49 8d 0c 11 49 f7 d1 48 03 c1 49 c1 e9 03
0x00007ff85c11ca46:   48 c1 e8 03 41 23 c1 c3 49 8b 01 49 8b c9 48 ff
0x00007ff85c11ca56:   a0 10 01 00 00 cc cc cc cc cc 48 83 ec 38 0f 10
0x00007ff85c11ca66:   02 48 8b 49 38 48 8d 54 24 20 0f 29 44 24 20 e8
0x00007ff85c11ca76:   56 f0 ff ff 48 83 c4 38 c3 cc 48 89 5c 24 08 55
0x00007ff85c11ca86:   56 57 41 54 41 55 41 56 41 57 48 8d 6c 24 e0 48
0x00007ff85c11ca96:   81 ec 20 01 00 00 48 8b 05 5d a5 83 00 48 33 c4
0x00007ff85c11caa6:   48 89 45 10 48 8b 05 df 15 86 00 45 33 ed 4c 8b
0x00007ff85c11cab6:   b5 80 00 00 00 4c 8b fa 48 8b bd 88 00 00 00 4d
0x00007ff85c11cac6:   8b c6 49 8b d6 49 8b f1 48 8b 48 38 48 8b 59 48
0x00007ff85c11cad6:   49 8b cf c7 45 c0 ff ff ff ff 44 89 6d d4 4c 89 


Stack slot to memory mapping:
stack at sp + 0 slots: 0x00007ff85c26a4ea jvm.dll
stack at sp + 1 slots: 0x000000008182ead0 is pointing into object: [B 
{0x0000000081800000} - klass: {type array byte}
 - length: 1210794
stack at sp + 2 slots: 0x000000e44d5ff708 points into unknown readable memory: 0x00007ff85c7aef20 | 20 ef 7a 5c f8 7f 00 00
stack at sp + 3 slots: 0x00000001004def00 is a pointer to class: 
org.gradle.internal.snapshot.ChildMapFactory {0x00000001004def08}
stack at sp + 4 slots: 0x00007ff85c26a396 jvm.dll
stack at sp + 5 slots: 0x000001ecc53ca101 points into unknown readable memory: 67 72 61 64 6c 65 2e
stack at sp + 6 slots: 0x00007ff85c26a396 jvm.dll
stack at sp + 7 slots: 0x000000e44d5ff708 points into unknown readable memory: 0x00007ff85c7aef20 | 20 ef 7a 5c f8 7f 00 00


---------------  P R O C E S S  ---------------

Threads class SMR info:
_java_thread_list=0x000001eccaf35190, length=63, elements={
0x000001eca991c800, 0x000001ecc3d81000, 0x000001ecc3d84000, 0x000001ecc3d9d000,
0x000001ecc3d9d800, 0x000001ecc3da0000, 0x000001ecc3db0800, 0x000001ecc3db2000,
0x000001ecc3db5000, 0x000001ecc485d000, 0x000001ecc695b800, 0x000001ecc496d000,
0x000001ecc69e6000, 0x000001ecc7329800, 0x000001ecc7328800, 0x000001ecc732a000,
0x000001ecc732c000, 0x000001ecc7326000, 0x000001ecc7f18800, 0x000001ecc7f17000,
0x000001ecc7f16000, 0x000001ecc7f1a000, 0x000001ecc7f1f000, 0x000001ecc7f20000,
0x000001ecc843c800, 0x000001ecc8439000, 0x000001ecc8438800, 0x000001ecc843f800,
0x000001ecc843a000, 0x000001ecc7f1d800, 0x000001ecd0ebc800, 0x000001ecd0eba000,
0x000001ecccbc2800, 0x000001ecccbc5000, 0x000001ecccbc9000, 0x000001ecccbc8000,
0x000001ecccbc6800, 0x000001ecccbc5800, 0x000001ecccbc3800, 0x000001ecccbca000,
0x000001ecccbc4000, 0x000001ecccbca800, 0x000001ecccbc7800, 0x000001ecccbcb800,
0x000001ecccbcc800, 0x000001ecccbce800, 0x000001ecccbd0800, 0x000001ecccbcf800,
0x000001ecccbcd000, 0x000001ecccbce000, 0x000001ecd0eba800, 0x000001ecd0ebb800,
0x000001ecd0ebd000, 0x000001ecd0ebe000, 0x000001ecd0ebe800, 0x000001ecd0eb9000,
0x000001ecd0ec1000, 0x000001ecd0ec4800, 0x000001ecd0ec3800, 0x000001ecd0ec2000,
0x000001ecd0ebf800, 0x000001ecd0ec5000, 0x000001ecd0ec0800
}

Java Threads: ( => current thread )
  0x000001eca991c800 JavaThread "main" [_thread_blocked, id=10912, stack(0x000000e44b100000,0x000000e44b200000)]
  0x000001ecc3d81000 JavaThread "Reference Handler" daemon [_thread_blocked, id=4216, stack(0x000000e44b800000,0x000000e44b900000)]
  0x000001ecc3d84000 JavaThread "Finalizer" daemon [_thread_blocked, id=3240, stack(0x000000e44b900000,0x000000e44ba00000)]
  0x000001ecc3d9d000 JavaThread "Signal Dispatcher" daemon [_thread_blocked, id=11880, stack(0x000000e44ba00000,0x000000e44bb00000)]
  0x000001ecc3d9d800 JavaThread "Attach Listener" daemon [_thread_blocked, id=19388, stack(0x000000e44bb00000,0x000000e44bc00000)]
  0x000001ecc3da0000 JavaThread "Service Thread" daemon [_thread_blocked, id=948, stack(0x000000e44bc00000,0x000000e44bd00000)]
  0x000001ecc3db0800 JavaThread "C2 CompilerThread0" daemon [_thread_in_native, id=15836, stack(0x000000e44bd00000,0x000000e44be00000)]
  0x000001ecc3db2000 JavaThread "C1 CompilerThread0" daemon [_thread_blocked, id=14392, stack(0x000000e44be00000,0x000000e44bf00000)]
  0x000001ecc3db5000 JavaThread "Sweeper thread" daemon [_thread_blocked, id=18372, stack(0x000000e44bf00000,0x000000e44c000000)]
  0x000001ecc485d000 JavaThread "Common-Cleaner" daemon [_thread_blocked, id=8652, stack(0x000000e44c000000,0x000000e44c100000)]
  0x000001ecc695b800 JavaThread "Daemon health stats" [_thread_blocked, id=12420, stack(0x000000e44c600000,0x000000e44c700000)]
  0x000001ecc496d000 JavaThread "Incoming local TCP Connector on port 50385" [_thread_in_native, id=3380, stack(0x000000e44c200000,0x000000e44c300000)]
  0x000001ecc69e6000 JavaThread "Daemon periodic checks" [_thread_blocked, id=11128, stack(0x000000e44c300000,0x000000e44c400000)]
  0x000001ecc7329800 JavaThread "Cache worker for file hash cache (C:\Users\prisi\.gradle\caches\7.0.2\fileHashes)" [_thread_blocked, id=8084, stack(0x000000e44d300000,0x000000e44d400000)]
  0x000001ecc7328800 JavaThread "File lock request listener" [_thread_in_native, id=13816, stack(0x000000e44d400000,0x000000e44d500000)]
  0x000001ecc732a000 JavaThread "Cache worker for journal cache (C:\Users\prisi\.gradle\caches\journal-1)" [_thread_blocked, id=4700, stack(0x000000e44d600000,0x000000e44d700000)]
  0x000001ecc732c000 JavaThread "File watcher server" daemon [_thread_in_native, id=10452, stack(0x000000e44d800000,0x000000e44d900000)]
  0x000001ecc7326000 JavaThread "File watcher consumer" daemon [_thread_blocked, id=6704, stack(0x000000e44d900000,0x000000e44da00000)]
  0x000001ecc7f18800 JavaThread "Cache worker for execution history cache (C:\Users\prisi\.gradle\caches\7.0.2\executionHistory)" [_thread_blocked, id=132, stack(0x000000e44dd00000,0x000000e44de00000)]
  0x000001ecc7f17000 JavaThread "jar transforms" [_thread_blocked, id=19268, stack(0x000000e44de00000,0x000000e44df00000)]
  0x000001ecc7f16000 JavaThread "jar transforms Thread 2" [_thread_blocked, id=17864, stack(0x000000e44df00000,0x000000e44e000000)]
  0x000001ecc7f1a000 JavaThread "Cache worker for file content cache (C:\Users\prisi\.gradle\caches\7.0.2\fileContent)" [_thread_blocked, id=7432, stack(0x000000e44e000000,0x000000e44e100000)]
  0x000001ecc7f1f000 JavaThread "jar transforms Thread 3" [_thread_blocked, id=16856, stack(0x000000e44e200000,0x000000e44e300000)]
  0x000001ecc7f20000 JavaThread "jar transforms Thread 4" [_thread_blocked, id=8956, stack(0x000000e44ec00000,0x000000e44ed00000)]
  0x000001ecc843c800 JavaThread "jar transforms Thread 5" [_thread_blocked, id=10844, stack(0x000000e44ed00000,0x000000e44ee00000)]
  0x000001ecc8439000 JavaThread "jar transforms Thread 6" [_thread_blocked, id=3100, stack(0x000000e44ee00000,0x000000e44ef00000)]
  0x000001ecc8438800 JavaThread "jar transforms Thread 7" [_thread_blocked, id=17224, stack(0x000000e44ef00000,0x000000e44f000000)]
  0x000001ecc843f800 JavaThread "jar transforms Thread 8" [_thread_blocked, id=14492, stack(0x000000e44f000000,0x000000e44f100000)]
  0x000001ecc843a000 JavaThread "Memory manager" [_thread_blocked, id=19036, stack(0x000000e44f100000,0x000000e44f200000)]
  0x000001ecc7f1d800 JavaThread "Cache worker for Java compile cache (C:\Users\prisi\.gradle\caches\7.0.2\javaCompile)" [_thread_blocked, id=19048, stack(0x000000e44ae00000,0x000000e44af00000)]
  0x000001ecd0ebc800 JavaThread "ForkJoinPool.commonPool-worker-13" daemon [_thread_blocked, id=18148, stack(0x000000e450f00000,0x000000e451000000)]
  0x000001ecd0eba000 JavaThread "ForkJoinPool.commonPool-worker-15" daemon [_thread_blocked, id=11508, stack(0x000000e451000000,0x000000e451100000)]
  0x000001ecccbc2800 JavaThread "Daemon Thread 3" [_thread_blocked, id=5656, stack(0x000000e44af00000,0x000000e44b000000)]
  0x000001ecccbc5000 JavaThread "Handler for socket connection from /127.0.0.1:50385 to /127.0.0.1:50753" [_thread_in_native, id=16316, stack(0x000000e44b000000,0x000000e44b100000)]
  0x000001ecccbc9000 JavaThread "Cancel handler" [_thread_blocked, id=6944, stack(0x000000e44c700000,0x000000e44c800000)]
  0x000001ecccbc8000 JavaThread "Daemon worker Thread 3" [_thread_blocked, id=6764, stack(0x000000e44ca00000,0x000000e44cb00000)]
  0x000001ecccbc6800 JavaThread "Asynchronous log dispatcher for DefaultDaemonConnection: socket connection from /127.0.0.1:50385 to /127.0.0.1:50753" [_thread_blocked, id=9568, stack(0x000000e44cb00000,0x000000e44cc00000)]
  0x000001ecccbc5800 JavaThread "Stdin handler" [_thread_blocked, id=14836, stack(0x000000e44cc00000,0x000000e44cd00000)]
  0x000001ecccbc3800 JavaThread "Daemon client event forwarder" [_thread_blocked, id=15976, stack(0x000000e44cd00000,0x000000e44ce00000)]
  0x000001ecccbca000 JavaThread "Cache worker for file hash cache (C:\Users\prisi\AndroidStudioProjects\PFGHiking\.gradle\7.0.2\fileHashes)" [_thread_blocked, id=19444, stack(0x000000e44d700000,0x000000e44d800000)]
  0x000001ecccbc4000 JavaThread "Cache worker for checksums cache (C:\Users\prisi\AndroidStudioProjects\PFGHiking\.gradle\checksums)" [_thread_blocked, id=18768, stack(0x000000e44da00000,0x000000e44db00000)]
  0x000001ecccbca800 JavaThread "Cache worker for cache directory md-supplier (C:\Users\prisi\.gradle\caches\7.0.2\md-supplier)" [_thread_blocked, id=13380, stack(0x000000e44db00000,0x000000e44dc00000)]
  0x000001ecccbc7800 JavaThread "Cache worker for cache directory md-rule (C:\Users\prisi\.gradle\caches\7.0.2\md-rule)" [_thread_blocked, id=18564, stack(0x000000e44dc00000,0x000000e44dd00000)]
  0x000001ecccbcb800 JavaThread "Cache worker for dependencies-accessors (C:\Users\prisi\AndroidStudioProjects\PFGHiking\.gradle\7.0.2\dependencies-accessors)" [_thread_blocked, id=324, stack(0x000000e44e100000,0x000000e44e200000)]
  0x000001ecccbcc800 JavaThread "Cache worker for Build Output Cleanup Cache (C:\Users\prisi\AndroidStudioProjects\PFGHiking\.gradle\buildOutputCleanup)" [_thread_blocked, id=7652, stack(0x000000e44e300000,0x000000e44e400000)]
  0x000001ecccbce800 JavaThread "Build operations" [_thread_blocked, id=8296, stack(0x000000e44e400000,0x000000e44e500000)]
  0x000001ecccbd0800 JavaThread "Build operations Thread 2" [_thread_blocked, id=17692, stack(0x000000e44e500000,0x000000e44e600000)]
  0x000001ecccbcf800 JavaThread "Build operations Thread 3" [_thread_blocked, id=7540, stack(0x000000e44e600000,0x000000e44e700000)]
  0x000001ecccbcd000 JavaThread "Build operations Thread 4" [_thread_blocked, id=17768, stack(0x000000e44e700000,0x000000e44e800000)]
  0x000001ecccbce000 JavaThread "Build operations Thread 5" [_thread_blocked, id=11048, stack(0x000000e44e800000,0x000000e44e900000)]
  0x000001ecd0eba800 JavaThread "Build operations Thread 6" [_thread_blocked, id=17516, stack(0x000000e44e900000,0x000000e44ea00000)]
  0x000001ecd0ebb800 JavaThread "Build operations Thread 7" [_thread_blocked, id=11672, stack(0x000000e44ea00000,0x000000e44eb00000)]
  0x000001ecd0ebd000 JavaThread "Build operations Thread 8" [_thread_blocked, id=18168, stack(0x000000e44eb00000,0x000000e44ec00000)]
  0x000001ecd0ebe000 JavaThread "build event listener" [_thread_blocked, id=13940, stack(0x000000e44f200000,0x000000e44f300000)]
  0x000001ecd0ebe800 JavaThread "Execution worker for ':'" [_thread_in_Java, id=10940, stack(0x000000e44f300000,0x000000e44f400000)]
  0x000001ecd0eb9000 JavaThread "Execution worker for ':' Thread 2" [_thread_blocked, id=19172, stack(0x000000e44f400000,0x000000e44f500000)]
  0x000001ecd0ec1000 JavaThread "Execution worker for ':' Thread 3" [_thread_blocked, id=6728, stack(0x000000e44f500000,0x000000e44f600000)]
  0x000001ecd0ec4800 JavaThread "Execution worker for ':' Thread 4" [_thread_blocked, id=16536, stack(0x000000e44f600000,0x000000e44f700000)]
  0x000001ecd0ec3800 JavaThread "Execution worker for ':' Thread 5" [_thread_blocked, id=18956, stack(0x000000e44f700000,0x000000e44f800000)]
  0x000001ecd0ec2000 JavaThread "Execution worker for ':' Thread 6" [_thread_blocked, id=1644, stack(0x000000e44f800000,0x000000e44f900000)]
  0x000001ecd0ebf800 JavaThread "Execution worker for ':' Thread 7" [_thread_blocked, id=8452, stack(0x000000e44f900000,0x000000e44fa00000)]
  0x000001ecd0ec5000 JavaThread "Cache worker for execution history cache (C:\Users\prisi\AndroidStudioProjects\PFGHiking\.gradle\7.0.2\executionHistory)" [_thread_blocked, id=1932, stack(0x000000e44fa00000,0x000000e44fb00000)]
  0x000001ecd0ec0800 JavaThread "Cache worker for Java compile cache (C:\Users\prisi\AndroidStudioProjects\PFGHiking\.gradle\7.0.2\javaCompile)" [_thread_blocked, id=7852, stack(0x000000e44fb00000,0x000000e44fc00000)]

Other Threads:
  0x000001ecc3d7d000 VMThread "VM Thread" [stack: 0x000000e44b700000,0x000000e44b800000] [id=19148]
  0x000001ecc4867000 WatcherThread [stack: 0x000000e44c100000,0x000000e44c200000] [id=9268]
  0x000001eca9936000 GCTaskThread "GC Thread#0" [stack: 0x000000e44b200000,0x000000e44b300000] [id=2056]
  0x000001ecc4b7e800 GCTaskThread "GC Thread#1" [stack: 0x000000e44c400000,0x000000e44c500000] [id=10092]
  0x000001ecc4c22800 GCTaskThread "GC Thread#2" [stack: 0x000000e44c500000,0x000000e44c600000] [id=13796]
  0x000001ecc68ed800 GCTaskThread "GC Thread#3" [stack: 0x000000e44ce00000,0x000000e44cf00000] [id=17072]
  0x000001ecc589b000 GCTaskThread "GC Thread#4" [stack: 0x000000e44cf00000,0x000000e44d000000] [id=13696]
  0x000001ecc6e98000 GCTaskThread "GC Thread#5" [stack: 0x000000e44d000000,0x000000e44d100000] [id=16052]
  0x000001ecc5fc4800 GCTaskThread "GC Thread#6" [stack: 0x000000e44d100000,0x000000e44d200000] [id=11848]
  0x000001ecc59d4000 GCTaskThread "GC Thread#7" [stack: 0x000000e44d200000,0x000000e44d300000] [id=19404]
  0x000001eca9968000 ConcurrentGCThread "G1 Main Marker" [stack: 0x000000e44b300000,0x000000e44b400000] [id=15712]
  0x000001eca9969800 ConcurrentGCThread "G1 Conc#0" [stack: 0x000000e44b400000,0x000000e44b500000] [id=18664]
=>0x000001ecc64be800 ConcurrentGCThread "G1 Conc#1" [stack: 0x000000e44d500000,0x000000e44d600000] [id=16912]
  0x000001eca99fd800 ConcurrentGCThread "G1 Refine#0" [stack: 0x000000e44b500000,0x000000e44b600000] [id=14580]
  0x000001ecc4cc9800 ConcurrentGCThread "G1 Refine#1" [stack: 0x000000e44fc00000,0x000000e44fd00000] [id=13824]
  0x000001eccd1cb800 ConcurrentGCThread "G1 Refine#2" [stack: 0x000000e44fd00000,0x000000e44fe00000] [id=7776]
  0x000001eca99fe800 ConcurrentGCThread "G1 Young RemSet Sampling" [stack: 0x000000e44b600000,0x000000e44b700000] [id=15320]

Threads with active compile tasks:
C2 CompilerThread0 411403 19596   !   4       java.nio.file.FileTreeWalker::next (144 bytes)

VM state:not at safepoint (normal execution)

VM Mutex/Monitor currently owned by a thread: None

Heap address: 0x0000000080000000, size: 2048 MB, Compressed Oops mode: 32-bit
Narrow klass base: 0x0000000000000000, Narrow klass shift: 3
Compressed class space size: 1073741824 Address: 0x0000000100000000

Heap:
 garbage-first heap   total 227328K, used 130587K [0x0000000080000000, 0x0000000100000000)
  region size 1024K, 12 young (12288K), 2 survivors (2048K)
 Metaspace       used 118229K, capacity 122134K, committed 122368K, reserved 1155072K
  class space    used 15273K, capacity 16751K, committed 16896K, reserved 1048576K
Heap Regions: E=young(eden), S=young(survivor), O=old, HS=humongous(starts), HC=humongous(continues), CS=collection set, F=free, A=archive, TAMS=top-at-mark-start (previous, next)
|   0|0x0000000080000000, 0x0000000080100000, 0x0000000080100000|100%| O|  |TAMS 0x0000000080100000, 0x0000000080100000| Untracked 
|   1|0x0000000080100000, 0x0000000080200000, 0x0000000080200000|100%| O|  |TAMS 0x0000000080200000, 0x0000000080200000| Untracked 
|   2|0x0000000080200000, 0x0000000080300000, 0x0000000080300000|100%| O|  |TAMS 0x0000000080300000, 0x0000000080300000| Untracked 
|   3|0x0000000080300000, 0x0000000080400000, 0x0000000080400000|100%|HS|  |TAMS 0x0000000080400000, 0x0000000080400000| Complete 
|   4|0x0000000080400000, 0x0000000080500000, 0x0000000080500000|100%|HC|  |TAMS 0x0000000080500000, 0x0000000080500000| Complete 
|   5|0x0000000080500000, 0x0000000080600000, 0x0000000080600000|100%|HC|  |TAMS 0x0000000080600000, 0x0000000080600000| Complete 
|   6|0x0000000080600000, 0x0000000080700000, 0x0000000080700000|100%| O|  |TAMS 0x0000000080700000, 0x0000000080700000| Untracked 
|   7|0x0000000080700000, 0x0000000080800000, 0x0000000080800000|100%| O|  |TAMS 0x0000000080800000, 0x0000000080800000| Untracked 
|   8|0x0000000080800000, 0x0000000080900000, 0x0000000080900000|100%| O|  |TAMS 0x0000000080900000, 0x0000000080900000| Untracked 
|   9|0x0000000080900000, 0x0000000080a00000, 0x0000000080a00000|100%| O|  |TAMS 0x0000000080a00000, 0x0000000080a00000| Untracked 
|  10|0x0000000080a00000, 0x0000000080b00000, 0x0000000080b00000|100%| O|  |TAMS 0x0000000080b00000, 0x0000000080b00000| Untracked 
|  11|0x0000000080b00000, 0x0000000080c00000, 0x0000000080c00000|100%| O|  |TAMS 0x0000000080c00000, 0x0000000080c00000| Untracked 
|  12|0x0000000080c00000, 0x0000000080d00000, 0x0000000080d00000|100%| O|  |TAMS 0x0000000080d00000, 0x0000000080d00000| Untracked 
|  13|0x0000000080d00000, 0x0000000080e00000, 0x0000000080e00000|100%| O|  |TAMS 0x0000000080e00000, 0x0000000080e00000| Untracked 
|  14|0x0000000080e00000, 0x0000000080f00000, 0x0000000080f00000|100%| O|  |TAMS 0x0000000080f00000, 0x0000000080f00000| Untracked 
|  15|0x0000000080f00000, 0x0000000081000000, 0x0000000081000000|100%| O|  |TAMS 0x0000000081000000, 0x0000000081000000| Untracked 
|  16|0x0000000081000000, 0x0000000081100000, 0x0000000081100000|100%|HS|  |TAMS 0x0000000081100000, 0x0000000081100000| Complete 
|  17|0x0000000081100000, 0x0000000081200000, 0x0000000081200000|100%| O|  |TAMS 0x0000000081200000, 0x0000000081200000| Untracked 
|  18|0x0000000081200000, 0x0000000081300000, 0x0000000081300000|100%| O|  |TAMS 0x0000000081300000, 0x0000000081300000| Untracked 
|  19|0x0000000081300000, 0x0000000081400000, 0x0000000081400000|100%| O|  |TAMS 0x0000000081400000, 0x0000000081400000| Untracked 
|  20|0x0000000081400000, 0x0000000081500000, 0x0000000081500000|100%| O|  |TAMS 0x0000000081500000, 0x0000000081500000| Untracked 
|  21|0x0000000081500000, 0x0000000081600000, 0x0000000081600000|100%| O|  |TAMS 0x0000000081600000, 0x0000000081600000| Untracked 
|  22|0x0000000081600000, 0x0000000081700000, 0x0000000081700000|100%| O|  |TAMS 0x0000000081700000, 0x0000000081700000| Untracked 
|  23|0x0000000081700000, 0x0000000081800000, 0x0000000081800000|100%|HS|  |TAMS 0x0000000081800000, 0x0000000081800000| Complete 
|  24|0x0000000081800000, 0x0000000081900000, 0x0000000081900000|100%|HS|  |TAMS 0x0000000081900000, 0x0000000081900000| Complete 
|  25|0x0000000081900000, 0x0000000081a00000, 0x0000000081a00000|100%|HC|  |TAMS 0x0000000081a00000, 0x0000000081a00000| Complete 
|  26|0x0000000081a00000, 0x0000000081b00000, 0x0000000081b00000|100%| O|  |TAMS 0x0000000081b00000, 0x0000000081b00000| Untracked 
|  27|0x0000000081b00000, 0x0000000081c00000, 0x0000000081c00000|100%| O|  |TAMS 0x0000000081c00000, 0x0000000081c00000| Untracked 
|  28|0x0000000081c00000, 0x0000000081d00000, 0x0000000081d00000|100%| O|  |TAMS 0x0000000081d00000, 0x0000000081d00000| Untracked 
|  29|0x0000000081d00000, 0x0000000081e00000, 0x0000000081e00000|100%| O|  |TAMS 0x0000000081e00000, 0x0000000081e00000| Untracked 
|  30|0x0000000081e00000, 0x0000000081f00000, 0x0000000081f00000|100%| O|  |TAMS 0x0000000081f00000, 0x0000000081f00000| Untracked 
|  31|0x0000000081f00000, 0x0000000082000000, 0x0000000082000000|100%| O|  |TAMS 0x0000000082000000, 0x0000000082000000| Untracked 
|  32|0x0000000082000000, 0x0000000082100000, 0x0000000082100000|100%| O|  |TAMS 0x0000000082100000, 0x0000000082100000| Untracked 
|  33|0x0000000082100000, 0x0000000082200000, 0x0000000082200000|100%| O|  |TAMS 0x0000000082200000, 0x0000000082200000| Untracked 
|  34|0x0000000082200000, 0x0000000082300000, 0x0000000082300000|100%| O|  |TAMS 0x0000000082300000, 0x0000000082300000| Untracked 
|  35|0x0000000082300000, 0x0000000082400000, 0x0000000082400000|100%| O|  |TAMS 0x0000000082400000, 0x0000000082400000| Untracked 
|  36|0x0000000082400000, 0x0000000082500000, 0x0000000082500000|100%| O|  |TAMS 0x0000000082500000, 0x0000000082500000| Untracked 
|  37|0x0000000082500000, 0x0000000082600000, 0x0000000082600000|100%| O|  |TAMS 0x0000000082600000, 0x0000000082600000| Untracked 
|  38|0x0000000082600000, 0x0000000082700000, 0x0000000082700000|100%| O|  |TAMS 0x0000000082700000, 0x0000000082700000| Untracked 
|  39|0x0000000082700000, 0x0000000082800000, 0x0000000082800000|100%| O|  |TAMS 0x0000000082800000, 0x0000000082800000| Untracked 
|  40|0x0000000082800000, 0x0000000082900000, 0x0000000082900000|100%| O|  |TAMS 0x0000000082900000, 0x0000000082900000| Untracked 
|  41|0x0000000082900000, 0x0000000082a00000, 0x0000000082a00000|100%| O|  |TAMS 0x0000000082a00000, 0x0000000082a00000| Untracked 
|  42|0x0000000082a00000, 0x0000000082b00000, 0x0000000082b00000|100%| O|  |TAMS 0x0000000082b00000, 0x0000000082b00000| Untracked 
|  43|0x0000000082b00000, 0x0000000082c00000, 0x0000000082c00000|100%| O|  |TAMS 0x0000000082c00000, 0x0000000082c00000| Untracked 
|  44|0x0000000082c00000, 0x0000000082d00000, 0x0000000082d00000|100%| O|  |TAMS 0x0000000082d00000, 0x0000000082d00000| Untracked 
|  45|0x0000000082d00000, 0x0000000082e00000, 0x0000000082e00000|100%| O|  |TAMS 0x0000000082e00000, 0x0000000082e00000| Untracked 
|  46|0x0000000082e00000, 0x0000000082f00000, 0x0000000082f00000|100%| O|  |TAMS 0x0000000082f00000, 0x0000000082f00000| Untracked 
|  47|0x0000000082f00000, 0x0000000083000000, 0x0000000083000000|100%| O|  |TAMS 0x0000000083000000, 0x0000000083000000| Untracked 
|  48|0x0000000083000000, 0x0000000083100000, 0x0000000083100000|100%| O|  |TAMS 0x0000000083100000, 0x0000000083100000| Untracked 
|  49|0x0000000083100000, 0x0000000083200000, 0x0000000083200000|100%| O|  |TAMS 0x0000000083200000, 0x0000000083200000| Untracked 
|  50|0x0000000083200000, 0x0000000083300000, 0x0000000083300000|100%| O|  |TAMS 0x0000000083300000, 0x0000000083300000| Untracked 
|  51|0x0000000083300000, 0x0000000083400000, 0x0000000083400000|100%| O|  |TAMS 0x0000000083400000, 0x0000000083400000| Untracked 
|  52|0x0000000083400000, 0x0000000083500000, 0x0000000083500000|100%| O|  |TAMS 0x0000000083500000, 0x0000000083500000| Untracked 
|  53|0x0000000083500000, 0x0000000083600000, 0x0000000083600000|100%| O|  |TAMS 0x0000000083600000, 0x0000000083600000| Untracked 
|  54|0x0000000083600000, 0x0000000083700000, 0x0000000083700000|100%| O|  |TAMS 0x0000000083700000, 0x0000000083700000| Untracked 
|  55|0x0000000083700000, 0x0000000083800000, 0x0000000083800000|100%| O|  |TAMS 0x0000000083800000, 0x0000000083800000| Untracked 
|  56|0x0000000083800000, 0x0000000083900000, 0x0000000083900000|100%| O|  |TAMS 0x0000000083900000, 0x0000000083900000| Untracked 
|  57|0x0000000083900000, 0x0000000083a00000, 0x0000000083a00000|100%| O|  |TAMS 0x0000000083a00000, 0x0000000083a00000| Untracked 
|  58|0x0000000083a00000, 0x0000000083b00000, 0x0000000083b00000|100%| O|  |TAMS 0x0000000083b00000, 0x0000000083b00000| Untracked 
|  59|0x0000000083b00000, 0x0000000083c00000, 0x0000000083c00000|100%| O|  |TAMS 0x0000000083b00000, 0x0000000083c00000| Untracked 
|  60|0x0000000083c00000, 0x0000000083d00000, 0x0000000083d00000|100%| O|  |TAMS 0x0000000083d00000, 0x0000000083d00000| Untracked 
|  61|0x0000000083d00000, 0x0000000083e00000, 0x0000000083e00000|100%| O|  |TAMS 0x0000000083e00000, 0x0000000083e00000| Untracked 
|  62|0x0000000083e00000, 0x0000000083f00000, 0x0000000083f00000|100%| O|  |TAMS 0x0000000083f00000, 0x0000000083f00000| Untracked 
|  63|0x0000000083f00000, 0x0000000084000000, 0x0000000084000000|100%| O|  |TAMS 0x0000000084000000, 0x0000000084000000| Untracked 
|  64|0x0000000084000000, 0x0000000084100000, 0x0000000084100000|100%| O|  |TAMS 0x0000000084100000, 0x0000000084100000| Untracked 
|  65|0x0000000084100000, 0x0000000084200000, 0x0000000084200000|100%| O|  |TAMS 0x0000000084200000, 0x0000000084200000| Untracked 
|  66|0x0000000084200000, 0x0000000084300000, 0x0000000084300000|100%| O|  |TAMS 0x00000000842c0c00, 0x0000000084300000| Untracked 
|  67|0x0000000084300000, 0x0000000084400000, 0x0000000084400000|100%| O|  |TAMS 0x0000000084400000, 0x0000000084400000| Untracked 
|  68|0x0000000084400000, 0x0000000084500000, 0x0000000084500000|100%| O|  |TAMS 0x0000000084500000, 0x0000000084500000| Untracked 
|  69|0x0000000084500000, 0x0000000084600000, 0x0000000084600000|100%| O|  |TAMS 0x0000000084600000, 0x0000000084600000| Untracked 
|  70|0x0000000084600000, 0x0000000084700000, 0x0000000084700000|100%| O|  |TAMS 0x0000000084700000, 0x0000000084700000| Untracked 
|  71|0x0000000084700000, 0x0000000084800000, 0x0000000084800000|100%| O|  |TAMS 0x0000000084800000, 0x0000000084800000| Untracked 
|  72|0x0000000084800000, 0x0000000084900000, 0x0000000084900000|100%| O|  |TAMS 0x0000000084900000, 0x0000000084900000| Untracked 
|  73|0x0000000084900000, 0x0000000084a00000, 0x0000000084a00000|100%| O|  |TAMS 0x0000000084a00000, 0x0000000084a00000| Untracked 
|  74|0x0000000084a00000, 0x0000000084b00000, 0x0000000084b00000|100%| O|  |TAMS 0x0000000084a00000, 0x0000000084b00000| Untracked 
|  75|0x0000000084b00000, 0x0000000084c00000, 0x0000000084c00000|100%| O|  |TAMS 0x0000000084b00000, 0x0000000084c00000| Untracked 
|  76|0x0000000084c00000, 0x0000000084d00000, 0x0000000084d00000|100%| O|  |TAMS 0x0000000084d00000, 0x0000000084d00000| Untracked 
|  77|0x0000000084d00000, 0x0000000084e00000, 0x0000000084e00000|100%| O|  |TAMS 0x0000000084e00000, 0x0000000084e00000| Untracked 
|  78|0x0000000084e00000, 0x0000000084f00000, 0x0000000084f00000|100%| O|  |TAMS 0x0000000084f00000, 0x0000000084f00000| Untracked 
|  79|0x0000000084f00000, 0x0000000085000000, 0x0000000085000000|100%| O|  |TAMS 0x0000000085000000, 0x0000000085000000| Untracked 
|  80|0x0000000085000000, 0x0000000085100000, 0x0000000085100000|100%| O|  |TAMS 0x0000000085100000, 0x0000000085100000| Untracked 
|  81|0x0000000085100000, 0x0000000085200000, 0x0000000085200000|100%| O|  |TAMS 0x0000000085100000, 0x0000000085200000| Untracked 
|  82|0x0000000085200000, 0x0000000085300000, 0x0000000085300000|100%| O|  |TAMS 0x0000000085200000, 0x0000000085300000| Untracked 
|  83|0x0000000085300000, 0x0000000085400000, 0x0000000085400000|100%| O|  |TAMS 0x0000000085300000, 0x0000000085400000| Untracked 
|  84|0x0000000085400000, 0x0000000085500000, 0x0000000085500000|100%| O|  |TAMS 0x0000000085400000, 0x0000000085500000| Untracked 
|  85|0x0000000085500000, 0x0000000085600000, 0x0000000085600000|100%| O|  |TAMS 0x0000000085500000, 0x0000000085600000| Untracked 
|  86|0x0000000085600000, 0x0000000085700000, 0x0000000085700000|100%| O|  |TAMS 0x0000000085600000, 0x0000000085700000| Untracked 
|  87|0x0000000085700000, 0x0000000085797c00, 0x0000000085800000| 59%| O|  |TAMS 0x0000000085700000, 0x0000000085797c00| Untracked 
|  88|0x0000000085800000, 0x0000000085900000, 0x0000000085900000|100%| O|  |TAMS 0x0000000085800000, 0x0000000085900000| Untracked 
|  89|0x0000000085900000, 0x0000000085a00000, 0x0000000085a00000|100%|HS|  |TAMS 0x0000000085900000, 0x0000000085900000| Complete 
|  90|0x0000000085a00000, 0x0000000085b00000, 0x0000000085b00000|100%|HC|  |TAMS 0x0000000085a00000, 0x0000000085a00000| Complete 
|  91|0x0000000085b00000, 0x0000000085b00000, 0x0000000085c00000|  0%| F|  |TAMS 0x0000000085b00000, 0x0000000085b00000| Untracked 
|  92|0x0000000085c00000, 0x0000000085d00000, 0x0000000085d00000|100%| O|  |TAMS 0x0000000085c00000, 0x0000000085d00000| Untracked 
|  93|0x0000000085d00000, 0x0000000085e00000, 0x0000000085e00000|100%| O|  |TAMS 0x0000000085e00000, 0x0000000085e00000| Untracked 
|  94|0x0000000085e00000, 0x0000000085f00000, 0x0000000085f00000|100%| O|  |TAMS 0x0000000085f00000, 0x0000000085f00000| Untracked 
|  95|0x0000000085f00000, 0x0000000086000000, 0x0000000086000000|100%| O|  |TAMS 0x0000000085f00000, 0x0000000086000000| Untracked 
|  96|0x0000000086000000, 0x0000000086000000, 0x0000000086100000|  0%| F|  |TAMS 0x0000000086000000, 0x0000000086000000| Untracked 
|  97|0x0000000086100000, 0x0000000086200000, 0x0000000086200000|100%| O|  |TAMS 0x0000000086200000, 0x0000000086200000| Untracked 
|  98|0x0000000086200000, 0x0000000086300000, 0x0000000086300000|100%| O|  |TAMS 0x0000000086300000, 0x0000000086300000| Untracked 
|  99|0x0000000086300000, 0x0000000086400000, 0x0000000086400000|100%| O|  |TAMS 0x0000000086400000, 0x0000000086400000| Untracked 
| 100|0x0000000086400000, 0x0000000086500000, 0x0000000086500000|100%| O|  |TAMS 0x0000000086500000, 0x0000000086500000| Untracked 
| 101|0x0000000086500000, 0x0000000086600000, 0x0000000086600000|100%| O|  |TAMS 0x0000000086600000, 0x0000000086600000| Untracked 
| 102|0x0000000086600000, 0x0000000086600000, 0x0000000086700000|  0%| F|  |TAMS 0x0000000086600000, 0x0000000086600000| Untracked 
| 103|0x0000000086700000, 0x0000000086700000, 0x0000000086800000|  0%| F|  |TAMS 0x0000000086700000, 0x0000000086700000| Untracked 
| 104|0x0000000086800000, 0x0000000086900000, 0x0000000086900000|100%| O|  |TAMS 0x0000000086900000, 0x0000000086900000| Untracked 
| 105|0x0000000086900000, 0x0000000086a00000, 0x0000000086a00000|100%| O|  |TAMS 0x0000000086a00000, 0x0000000086a00000| Untracked 
| 106|0x0000000086a00000, 0x0000000086b00000, 0x0000000086b00000|100%| O|  |TAMS 0x0000000086b00000, 0x0000000086b00000| Untracked 
| 107|0x0000000086b00000, 0x0000000086c00000, 0x0000000086c00000|100%| O|  |TAMS 0x0000000086c00000, 0x0000000086c00000| Untracked 
| 108|0x0000000086c00000, 0x0000000086d00000, 0x0000000086d00000|100%| O|  |TAMS 0x0000000086d00000, 0x0000000086d00000| Untracked 
| 109|0x0000000086d00000, 0x0000000086e00000, 0x0000000086e00000|100%| O|  |TAMS 0x0000000086e00000, 0x0000000086e00000| Untracked 
| 110|0x0000000086e00000, 0x0000000086f00000, 0x0000000086f00000|100%| O|  |TAMS 0x0000000086f00000, 0x0000000086f00000| Untracked 
| 111|0x0000000086f00000, 0x0000000087000000, 0x0000000087000000|100%| O|  |TAMS 0x0000000087000000, 0x0000000087000000| Untracked 
| 112|0x0000000087000000, 0x0000000087100000, 0x0000000087100000|100%| O|  |TAMS 0x0000000087100000, 0x0000000087100000| Untracked 
| 113|0x0000000087100000, 0x0000000087200000, 0x0000000087200000|100%| O|  |TAMS 0x0000000087100000, 0x0000000087200000| Untracked 
| 114|0x0000000087200000, 0x0000000087200000, 0x0000000087300000|  0%| F|  |TAMS 0x0000000087200000, 0x0000000087200000| Untracked 
| 115|0x0000000087300000, 0x0000000087400000, 0x0000000087400000|100%| O|  |TAMS 0x0000000087400000, 0x0000000087400000| Untracked 
| 116|0x0000000087400000, 0x0000000087500000, 0x0000000087500000|100%| O|  |TAMS 0x0000000087400000, 0x0000000087500000| Untracked 
| 117|0x0000000087500000, 0x0000000087600000, 0x0000000087600000|100%| O|  |TAMS 0x0000000087600000, 0x0000000087600000| Untracked 
| 118|0x0000000087600000, 0x0000000087700000, 0x0000000087700000|100%| O|  |TAMS 0x0000000087700000, 0x0000000087700000| Untracked 
| 119|0x0000000087700000, 0x0000000087800000, 0x0000000087800000|100%| O|  |TAMS 0x0000000087800000, 0x0000000087800000| Untracked 
| 120|0x0000000087800000, 0x0000000087800000, 0x0000000087900000|  0%| F|  |TAMS 0x0000000087800000, 0x0000000087800000| Untracked 
| 121|0x0000000087900000, 0x0000000087a00000, 0x0000000087a00000|100%| O|  |TAMS 0x0000000087a00000, 0x0000000087a00000| Untracked 
| 122|0x0000000087a00000, 0x0000000087b00000, 0x0000000087b00000|100%| O|  |TAMS 0x0000000087b00000, 0x0000000087b00000| Untracked 
| 123|0x0000000087b00000, 0x0000000087c00000, 0x0000000087c00000|100%| O|  |TAMS 0x0000000087c00000, 0x0000000087c00000| Untracked 
| 124|0x0000000087c00000, 0x0000000087c00000, 0x0000000087d00000|  0%| F|  |TAMS 0x0000000087c00000, 0x0000000087c00000| Untracked 
| 125|0x0000000087d00000, 0x0000000087d00000, 0x0000000087e00000|  0%| F|  |TAMS 0x0000000087d00000, 0x0000000087d00000| Untracked 
| 126|0x0000000087e00000, 0x0000000087e00000, 0x0000000087f00000|  0%| F|  |TAMS 0x0000000087e00000, 0x0000000087e00000| Untracked 
| 127|0x0000000087f00000, 0x0000000087f00000, 0x0000000088000000|  0%| F|  |TAMS 0x0000000087f00000, 0x0000000087f00000| Untracked 
| 128|0x0000000088000000, 0x0000000088000000, 0x0000000088100000|  0%| F|  |TAMS 0x0000000088000000, 0x0000000088000000| Untracked 
| 129|0x0000000088100000, 0x0000000088100000, 0x0000000088200000|  0%| F|  |TAMS 0x0000000088100000, 0x0000000088100000| Untracked 
| 130|0x0000000088200000, 0x0000000088200000, 0x0000000088300000|  0%| F|  |TAMS 0x0000000088200000, 0x0000000088200000| Untracked 
| 131|0x0000000088300000, 0x0000000088300000, 0x0000000088400000|  0%| F|  |TAMS 0x0000000088300000, 0x0000000088300000| Untracked 
| 132|0x0000000088400000, 0x0000000088400000, 0x0000000088500000|  0%| F|  |TAMS 0x0000000088400000, 0x0000000088400000| Untracked 
| 133|0x0000000088500000, 0x0000000088500000, 0x0000000088600000|  0%| F|  |TAMS 0x0000000088500000, 0x0000000088500000| Untracked 
| 134|0x0000000088600000, 0x0000000088600000, 0x0000000088700000|  0%| F|  |TAMS 0x0000000088600000, 0x0000000088600000| Untracked 
| 135|0x0000000088700000, 0x0000000088700000, 0x0000000088800000|  0%| F|  |TAMS 0x0000000088700000, 0x0000000088700000| Untracked 
| 136|0x0000000088800000, 0x0000000088800000, 0x0000000088900000|  0%| F|  |TAMS 0x0000000088800000, 0x0000000088800000| Untracked 
| 137|0x0000000088900000, 0x0000000088900000, 0x0000000088a00000|  0%| F|  |TAMS 0x0000000088900000, 0x0000000088900000| Untracked 
| 138|0x0000000088a00000, 0x0000000088a00000, 0x0000000088b00000|  0%| F|  |TAMS 0x0000000088a00000, 0x0000000088a00000| Untracked 
| 139|0x0000000088b00000, 0x0000000088b00000, 0x0000000088c00000|  0%| F|  |TAMS 0x0000000088b00000, 0x0000000088b00000| Untracked 
| 140|0x0000000088c00000, 0x0000000088c00000, 0x0000000088d00000|  0%| F|  |TAMS 0x0000000088c00000, 0x0000000088c00000| Untracked 
| 141|0x0000000088d00000, 0x0000000088d00000, 0x0000000088e00000|  0%| F|  |TAMS 0x0000000088d00000, 0x0000000088d00000| Untracked 
| 142|0x0000000088e00000, 0x0000000088e00000, 0x0000000088f00000|  0%| F|  |TAMS 0x0000000088e00000, 0x0000000088e00000| Untracked 
| 143|0x0000000088f00000, 0x0000000088f00000, 0x0000000089000000|  0%| F|  |TAMS 0x0000000088f00000, 0x0000000088f00000| Untracked 
| 144|0x0000000089000000, 0x0000000089000000, 0x0000000089100000|  0%| F|  |TAMS 0x0000000089000000, 0x0000000089000000| Untracked 
| 145|0x0000000089100000, 0x0000000089100000, 0x0000000089200000|  0%| F|  |TAMS 0x0000000089100000, 0x0000000089100000| Untracked 
| 146|0x0000000089200000, 0x0000000089200000, 0x0000000089300000|  0%| F|  |TAMS 0x0000000089200000, 0x0000000089200000| Untracked 
| 147|0x0000000089300000, 0x0000000089300000, 0x0000000089400000|  0%| F|  |TAMS 0x0000000089300000, 0x0000000089300000| Untracked 
| 148|0x0000000089400000, 0x0000000089400000, 0x0000000089500000|  0%| F|  |TAMS 0x0000000089400000, 0x0000000089400000| Untracked 
| 149|0x0000000089500000, 0x0000000089500000, 0x0000000089600000|  0%| F|  |TAMS 0x0000000089500000, 0x0000000089500000| Untracked 
| 150|0x0000000089600000, 0x0000000089600000, 0x0000000089700000|  0%| F|  |TAMS 0x0000000089600000, 0x0000000089600000| Untracked 
| 151|0x0000000089700000, 0x0000000089700000, 0x0000000089800000|  0%| F|  |TAMS 0x0000000089700000, 0x0000000089700000| Untracked 
| 152|0x0000000089800000, 0x0000000089800000, 0x0000000089900000|  0%| F|  |TAMS 0x0000000089800000, 0x0000000089800000| Untracked 
| 153|0x0000000089900000, 0x0000000089900000, 0x0000000089a00000|  0%| F|  |TAMS 0x0000000089900000, 0x0000000089900000| Untracked 
| 154|0x0000000089a00000, 0x0000000089a00000, 0x0000000089b00000|  0%| F|  |TAMS 0x0000000089a00000, 0x0000000089a00000| Untracked 
| 155|0x0000000089b00000, 0x0000000089b00000, 0x0000000089c00000|  0%| F|  |TAMS 0x0000000089b00000, 0x0000000089b00000| Untracked 
| 156|0x0000000089c00000, 0x0000000089c00000, 0x0000000089d00000|  0%| F|  |TAMS 0x0000000089c00000, 0x0000000089c00000| Untracked 
| 157|0x0000000089d00000, 0x0000000089d00000, 0x0000000089e00000|  0%| F|  |TAMS 0x0000000089d00000, 0x0000000089d00000| Untracked 
| 158|0x0000000089e00000, 0x0000000089e00000, 0x0000000089f00000|  0%| F|  |TAMS 0x0000000089e00000, 0x0000000089e00000| Untracked 
| 159|0x0000000089f00000, 0x0000000089f00000, 0x000000008a000000|  0%| F|  |TAMS 0x0000000089f00000, 0x0000000089f00000| Untracked 
| 160|0x000000008a000000, 0x000000008a000000, 0x000000008a100000|  0%| F|  |TAMS 0x000000008a000000, 0x000000008a000000| Untracked 
| 161|0x000000008a100000, 0x000000008a100000, 0x000000008a200000|  0%| F|  |TAMS 0x000000008a100000, 0x000000008a100000| Untracked 
| 162|0x000000008a200000, 0x000000008a200000, 0x000000008a300000|  0%| F|  |TAMS 0x000000008a200000, 0x000000008a200000| Untracked 
| 163|0x000000008a300000, 0x000000008a300000, 0x000000008a400000|  0%| F|  |TAMS 0x000000008a300000, 0x000000008a300000| Untracked 
| 164|0x000000008a400000, 0x000000008a400000, 0x000000008a500000|  0%| F|  |TAMS 0x000000008a400000, 0x000000008a400000| Untracked 
| 165|0x000000008a500000, 0x000000008a500000, 0x000000008a600000|  0%| F|  |TAMS 0x000000008a500000, 0x000000008a500000| Untracked 
| 166|0x000000008a600000, 0x000000008a600000, 0x000000008a700000|  0%| F|  |TAMS 0x000000008a600000, 0x000000008a600000| Untracked 
| 167|0x000000008a700000, 0x000000008a700000, 0x000000008a800000|  0%| F|  |TAMS 0x000000008a700000, 0x000000008a700000| Untracked 
| 168|0x000000008a800000, 0x000000008a800000, 0x000000008a900000|  0%| F|  |TAMS 0x000000008a800000, 0x000000008a800000| Untracked 
| 169|0x000000008a900000, 0x000000008a900000, 0x000000008aa00000|  0%| F|  |TAMS 0x000000008a900000, 0x000000008a900000| Untracked 
| 170|0x000000008aa00000, 0x000000008aa00000, 0x000000008ab00000|  0%| F|  |TAMS 0x000000008aa00000, 0x000000008aa00000| Untracked 
| 171|0x000000008ab00000, 0x000000008ab00000, 0x000000008ac00000|  0%| F|  |TAMS 0x000000008ab00000, 0x000000008ab00000| Untracked 
| 172|0x000000008ac00000, 0x000000008ac00000, 0x000000008ad00000|  0%| F|  |TAMS 0x000000008ac00000, 0x000000008ac00000| Untracked 
| 173|0x000000008ad00000, 0x000000008ad00000, 0x000000008ae00000|  0%| F|  |TAMS 0x000000008ad00000, 0x000000008ad00000| Untracked 
| 174|0x000000008ae00000, 0x000000008ae00000, 0x000000008af00000|  0%| F|  |TAMS 0x000000008ae00000, 0x000000008ae00000| Untracked 
| 175|0x000000008af00000, 0x000000008af00000, 0x000000008b000000|  0%| F|  |TAMS 0x000000008af00000, 0x000000008af00000| Untracked 
| 176|0x000000008b000000, 0x000000008b000000, 0x000000008b100000|  0%| F|  |TAMS 0x000000008b000000, 0x000000008b000000| Untracked 
| 177|0x000000008b100000, 0x000000008b100000, 0x000000008b200000|  0%| F|  |TAMS 0x000000008b100000, 0x000000008b100000| Untracked 
| 178|0x000000008b200000, 0x000000008b200000, 0x000000008b300000|  0%| F|  |TAMS 0x000000008b200000, 0x000000008b200000| Untracked 
| 179|0x000000008b300000, 0x000000008b300000, 0x000000008b400000|  0%| F|  |TAMS 0x000000008b300000, 0x000000008b300000| Untracked 
| 180|0x000000008b400000, 0x000000008b400000, 0x000000008b500000|  0%| F|  |TAMS 0x000000008b400000, 0x000000008b400000| Untracked 
| 181|0x000000008b500000, 0x000000008b500000, 0x000000008b600000|  0%| F|  |TAMS 0x000000008b500000, 0x000000008b500000| Untracked 
| 182|0x000000008b600000, 0x000000008b600000, 0x000000008b700000|  0%| F|  |TAMS 0x000000008b600000, 0x000000008b600000| Untracked 
| 183|0x000000008b700000, 0x000000008b700000, 0x000000008b800000|  0%| F|  |TAMS 0x000000008b700000, 0x000000008b700000| Untracked 
| 184|0x000000008b800000, 0x000000008b800000, 0x000000008b900000|  0%| F|  |TAMS 0x000000008b800000, 0x000000008b800000| Untracked 
| 185|0x000000008b900000, 0x000000008b900000, 0x000000008ba00000|  0%| F|  |TAMS 0x000000008b900000, 0x000000008b900000| Untracked 
| 186|0x000000008ba00000, 0x000000008ba00000, 0x000000008bb00000|  0%| F|  |TAMS 0x000000008ba00000, 0x000000008ba00000| Untracked 
| 187|0x000000008bb00000, 0x000000008bb00000, 0x000000008bc00000|  0%| F|  |TAMS 0x000000008bb00000, 0x000000008bb00000| Untracked 
| 188|0x000000008bc00000, 0x000000008bc00000, 0x000000008bd00000|  0%| F|  |TAMS 0x000000008bc00000, 0x000000008bc00000| Untracked 
| 189|0x000000008bd00000, 0x000000008bd00000, 0x000000008be00000|  0%| F|  |TAMS 0x000000008bd00000, 0x000000008bd00000| Untracked 
| 190|0x000000008be00000, 0x000000008be00000, 0x000000008bf00000|  0%| F|  |TAMS 0x000000008be00000, 0x000000008be00000| Untracked 
| 191|0x000000008bf00000, 0x000000008bf00000, 0x000000008c000000|  0%| F|  |TAMS 0x000000008bf00000, 0x000000008bf00000| Untracked 
| 192|0x000000008c000000, 0x000000008c000000, 0x000000008c100000|  0%| F|  |TAMS 0x000000008c000000, 0x000000008c000000| Untracked 
| 193|0x000000008c100000, 0x000000008c100000, 0x000000008c200000|  0%| F|  |TAMS 0x000000008c100000, 0x000000008c100000| Untracked 
| 194|0x000000008c200000, 0x000000008c200000, 0x000000008c300000|  0%| F|  |TAMS 0x000000008c200000, 0x000000008c200000| Untracked 
| 195|0x000000008c300000, 0x000000008c300000, 0x000000008c400000|  0%| F|  |TAMS 0x000000008c300000, 0x000000008c300000| Untracked 
| 196|0x000000008c400000, 0x000000008c400000, 0x000000008c500000|  0%| F|  |TAMS 0x000000008c400000, 0x000000008c400000| Untracked 
| 197|0x000000008c500000, 0x000000008c500000, 0x000000008c600000|  0%| F|  |TAMS 0x000000008c500000, 0x000000008c500000| Untracked 
| 198|0x000000008c600000, 0x000000008c600000, 0x000000008c700000|  0%| F|  |TAMS 0x000000008c600000, 0x000000008c600000| Untracked 
| 199|0x000000008c700000, 0x000000008c700000, 0x000000008c800000|  0%| F|  |TAMS 0x000000008c700000, 0x000000008c700000| Untracked 
| 200|0x000000008c800000, 0x000000008c800000, 0x000000008c900000|  0%| F|  |TAMS 0x000000008c800000, 0x000000008c800000| Untracked 
| 201|0x000000008c900000, 0x000000008c900000, 0x000000008ca00000|  0%| F|  |TAMS 0x000000008c900000, 0x000000008c900000| Untracked 
| 202|0x000000008ca00000, 0x000000008ca00000, 0x000000008cb00000|  0%| F|  |TAMS 0x000000008ca00000, 0x000000008ca00000| Untracked 
| 203|0x000000008cb00000, 0x000000008cb00000, 0x000000008cc00000|  0%| F|  |TAMS 0x000000008cb00000, 0x000000008cb00000| Untracked 
| 204|0x000000008cc00000, 0x000000008cc00000, 0x000000008cd00000|  0%| F|  |TAMS 0x000000008cc00000, 0x000000008cc00000| Untracked 
| 205|0x000000008cd00000, 0x000000008cd00000, 0x000000008ce00000|  0%| F|  |TAMS 0x000000008cd00000, 0x000000008cd00000| Untracked 
| 206|0x000000008ce00000, 0x000000008ce00000, 0x000000008cf00000|  0%| F|  |TAMS 0x000000008ce00000, 0x000000008ce00000| Untracked 
| 207|0x000000008cf00000, 0x000000008cf00000, 0x000000008d000000|  0%| F|  |TAMS 0x000000008cf00000, 0x000000008cf00000| Untracked 
| 208|0x000000008d000000, 0x000000008d000000, 0x000000008d100000|  0%| F|  |TAMS 0x000000008d000000, 0x000000008d000000| Untracked 
| 209|0x000000008d100000, 0x000000008d100000, 0x000000008d200000|  0%| F|  |TAMS 0x000000008d100000, 0x000000008d100000| Untracked 
| 210|0x000000008d200000, 0x000000008d2c2ef8, 0x000000008d300000| 76%| E|  |TAMS 0x000000008d200000, 0x000000008d200000| Complete 
| 211|0x000000008d300000, 0x000000008d400000, 0x000000008d400000|100%| E|CS|TAMS 0x000000008d300000, 0x000000008d300000| Complete 
| 212|0x000000008d400000, 0x000000008d4ef3b8, 0x000000008d500000| 93%| S|CS|TAMS 0x000000008d400000, 0x000000008d400000| Complete 
| 213|0x000000008d500000, 0x000000008d600000, 0x000000008d600000|100%| S|CS|TAMS 0x000000008d500000, 0x000000008d500000| Complete 
| 214|0x000000008d600000, 0x000000008d700000, 0x000000008d700000|100%| E|CS|TAMS 0x000000008d600000, 0x000000008d600000| Complete 
| 215|0x000000008d700000, 0x000000008d800000, 0x000000008d800000|100%| E|CS|TAMS 0x000000008d700000, 0x000000008d700000| Complete 
| 216|0x000000008d800000, 0x000000008d900000, 0x000000008d900000|100%| E|CS|TAMS 0x000000008d800000, 0x000000008d800000| Complete 
| 217|0x000000008d900000, 0x000000008da00000, 0x000000008da00000|100%| E|CS|TAMS 0x000000008d900000, 0x000000008d900000| Complete 
| 218|0x000000008da00000, 0x000000008db00000, 0x000000008db00000|100%| E|CS|TAMS 0x000000008da00000, 0x000000008da00000| Complete 
| 219|0x000000008db00000, 0x000000008dc00000, 0x000000008dc00000|100%| E|CS|TAMS 0x000000008db00000, 0x000000008db00000| Complete 
| 220|0x000000008dc00000, 0x000000008dd00000, 0x000000008dd00000|100%| E|  |TAMS 0x000000008dc00000, 0x000000008dc00000| Complete 
| 221|0x000000008dd00000, 0x000000008de00000, 0x000000008de00000|100%| E|CS|TAMS 0x000000008dd00000, 0x000000008dd00000| Complete 

Card table byte_map: [0x000001ecbcb40000,0x000001ecbcf40000] _byte_map_base: 0x000001ecbc740000

Marking Bits (Prev, Next): (CMBitMap*) 0x000001eca995f578, (CMBitMap*) 0x000001eca995f5b0
 Prev Bits: [0x000001ecbd340000, 0x000001ecbf340000)
 Next Bits: [0x000001ecbf340000, 0x000001ecc1340000)

Polling page: 0x000001eca7820000

Metaspace:

Usage:
  Non-class:    102.91 MB capacity,   100.54 MB ( 98%) used,     1.92 MB (  2%) free+waste,   462.31 KB ( <1%) overhead. 
      Class:     16.36 MB capacity,    14.92 MB ( 91%) used,     1.23 MB (  8%) free+waste,   217.06 KB (  1%) overhead. 
       Both:    119.27 MB capacity,   115.46 MB ( 97%) used,     3.15 MB (  3%) free+waste,   679.38 KB ( <1%) overhead. 

Virtual space:
  Non-class space:      104.00 MB reserved,     103.00 MB (>99%) committed 
      Class space:        1.00 GB reserved,      16.50 MB (  2%) committed 
             Both:        1.10 GB reserved,     119.50 MB ( 11%) committed 

Chunk freelists:
   Non-Class:  25.00 KB
       Class:  49.00 KB
        Both:  74.00 KB

MaxMetaspaceSize: 17179869184.00 GB
CompressedClassSpaceSize: 1.00 GB

CodeHeap 'non-profiled nmethods': size=120000Kb used=8611Kb max_used=8611Kb free=111388Kb
 bounds [0x000001ecb4ee0000, 0x000001ecb5750000, 0x000001ecbc410000]
CodeHeap 'profiled nmethods': size=120000Kb used=37813Kb max_used=37813Kb free=82186Kb
 bounds [0x000001ecad9b0000, 0x000001ecafea0000, 0x000001ecb4ee0000]
CodeHeap 'non-nmethods': size=5760Kb used=2354Kb max_used=2414Kb free=3405Kb
 bounds [0x000001ecad410000, 0x000001ecad680000, 0x000001ecad9b0000]
 total_blobs=19719 nmethods=18747 adapters=881
 compilation: enabled
              stopped_count=0, restarted_count=0
 full_count=0

Compilation events (20 events):
Event: 410.948 Thread 0x000001ecc3db2000 19583       1       com.sun.source.util.TaskEvent::getKind (5 bytes)
Event: 410.948 Thread 0x000001ecc3db2000 nmethod 19583 0x000001ecb573f910 code [0x000001ecb573fac0, 0x000001ecb573fb78]
Event: 411.055 Thread 0x000001ecc3db2000 19585       2       jdk.nio.zipfs.ZipFileSystem$IndexNode::keyOf (37 bytes)
Event: 411.056 Thread 0x000001ecc3db2000 nmethod 19585 0x000001ecafe98010 code [0x000001ecafe98220, 0x000001ecafe98668]
Event: 411.057 Thread 0x000001ecc3db2000 19587   !   3       jdk.nio.zipfs.ZipFileSystem::iteratorOf (154 bytes)
Event: 411.064 Thread 0x000001ecc3db2000 nmethod 19587 0x000001ecafe98910 code [0x000001ecafe98d20, 0x000001ecafe9a908]
Event: 411.064 Thread 0x000001ecc3db2000 19589       1       java.nio.file.FileTreeWalker$DirectoryNode::stream (5 bytes)
Event: 411.064 Thread 0x000001ecc3db2000 nmethod 19589 0x000001ecb573fc10 code [0x000001ecb573fdc0, 0x000001ecb573fe78]
Event: 411.070 Thread 0x000001ecc3db2000 19593       3       java.util.ArrayDeque::push (6 bytes)
Event: 411.071 Thread 0x000001ecc3db2000 nmethod 19593 0x000001ecafe9b990 code [0x000001ecafe9bb40, 0x000001ecafe9bce8]
Event: 411.100 Thread 0x000001ecc3db2000 19603   !   2       sun.nio.fs.WindowsFileSystemProvider::checkReadAccess (48 bytes)
Event: 411.101 Thread 0x000001ecc3db2000 nmethod 19603 0x000001ecafe9bd90 code [0x000001ecafe9bfa0, 0x000001ecafe9c278]
Event: 411.127 Thread 0x000001ecc3db2000 19605       2       java.nio.channels.spi.AbstractInterruptibleChannel::end (53 bytes)
Event: 411.128 Thread 0x000001ecc3db2000 nmethod 19605 0x000001ecafe9c510 code [0x000001ecafe9c700, 0x000001ecafe9cbb8]
Event: 411.128 Thread 0x000001ecc3db2000 19606   !   2       jdk.nio.zipfs.ZipFileSystem::readFullyAt (37 bytes)
Event: 411.129 Thread 0x000001ecc3db2000 nmethod 19606 0x000001ecafe9cd90 code [0x000001ecafe9cf60, 0x000001ecafe9d258]
Event: 411.294 Thread 0x000001ecc3db0800 nmethod 19561 0x000001ecb573ff10 code [0x000001ecb5740a60, 0x000001ecb5745b58]
Event: 411.294 Thread 0x000001ecc3db0800 19598       4       java.time.LocalDate::compareTo0 (40 bytes)
Event: 411.296 Thread 0x000001ecc3db0800 nmethod 19598 0x000001ecb5748b10 code [0x000001ecb5748ca0, 0x000001ecb5748d38]
Event: 411.296 Thread 0x000001ecc3db0800 19596   !   4       java.nio.file.FileTreeWalker::next (144 bytes)

GC Heap History (20 events):
Event: 66.175 GC heap before
{Heap before GC invocations=42 (full 0):
 garbage-first heap   total 227328K, used 159000K [0x0000000080000000, 0x0000000100000000)
  region size 1024K, 55 young (56320K), 8 survivors (8192K)
 Metaspace       used 101337K, capacity 103855K, committed 104064K, reserved 1140736K
  class space    used 12747K, capacity 13687K, committed 13696K, reserved 1048576K
}
Event: 66.187 GC heap after
{Heap after GC invocations=43 (full 0):
 garbage-first heap   total 227328K, used 113522K [0x0000000080000000, 0x0000000100000000)
  region size 1024K, 4 young (4096K), 4 survivors (4096K)
 Metaspace       used 101337K, capacity 103855K, committed 104064K, reserved 1140736K
  class space    used 12747K, capacity 13687K, committed 13696K, reserved 1048576K
}
Event: 66.762 GC heap before
{Heap before GC invocations=44 (full 0):
 garbage-first heap   total 227328K, used 170866K [0x0000000080000000, 0x0000000100000000)
  region size 1024K, 57 young (58368K), 4 survivors (4096K)
 Metaspace       used 106262K, capacity 109159K, committed 109312K, reserved 1144832K
  class space    used 13511K, capacity 14565K, committed 14592K, reserved 1048576K
}
Event: 66.778 GC heap after
{Heap after GC invocations=45 (full 0):
 garbage-first heap   total 227328K, used 123845K [0x0000000080000000, 0x0000000100000000)
  region size 1024K, 8 young (8192K), 8 survivors (8192K)
 Metaspace       used 106262K, capacity 109159K, committed 109312K, reserved 1144832K
  class space    used 13511K, capacity 14565K, committed 14592K, reserved 1048576K
}
Event: 66.799 GC heap before
{Heap before GC invocations=45 (full 0):
 garbage-first heap   total 227328K, used 125893K [0x0000000080000000, 0x0000000100000000)
  region size 1024K, 11 young (11264K), 8 survivors (8192K)
 Metaspace       used 106516K, capacity 109383K, committed 109696K, reserved 1144832K
  class space    used 13540K, capacity 14597K, committed 14720K, reserved 1048576K
}
Event: 66.816 GC heap after
{Heap after GC invocations=46 (full 0):
 garbage-first heap   total 227328K, used 122276K [0x0000000080000000, 0x0000000100000000)
  region size 1024K, 2 young (2048K), 2 survivors (2048K)
 Metaspace       used 106516K, capacity 109383K, committed 109696K, reserved 1144832K
  class space    used 13540K, capacity 14597K, committed 14720K, reserved 1048576K
}
Event: 67.248 GC heap before
{Heap before GC invocations=46 (full 0):
 garbage-first heap   total 227328K, used 172452K [0x0000000080000000, 0x0000000100000000)
  region size 1024K, 51 young (52224K), 2 survivors (2048K)
 Metaspace       used 112155K, capacity 115762K, committed 115840K, reserved 1148928K
  class space    used 14607K, capacity 15994K, committed 16000K, reserved 1048576K
}
Event: 67.257 GC heap after
{Heap after GC invocations=47 (full 0):
 garbage-first heap   total 227328K, used 124950K [0x0000000080000000, 0x0000000100000000)
  region size 1024K, 5 young (5120K), 5 survivors (5120K)
 Metaspace       used 112155K, capacity 115762K, committed 115840K, reserved 1148928K
  class space    used 14607K, capacity 15994K, committed 16000K, reserved 1048576K
}
Event: 67.560 GC heap before
{Heap before GC invocations=47 (full 0):
 garbage-first heap   total 227328K, used 173078K [0x0000000080000000, 0x0000000100000000)
  region size 1024K, 54 young (55296K), 5 survivors (5120K)
 Metaspace       used 114003K, capacity 117848K, committed 118016K, reserved 1150976K
  class space    used 14831K, capacity 16336K, committed 16384K, reserved 1048576K
}
Event: 67.565 GC heap after
{Heap after GC invocations=48 (full 0):
 garbage-first heap   total 227328K, used 126165K [0x0000000080000000, 0x0000000100000000)
  region size 1024K, 5 young (5120K), 5 survivors (5120K)
 Metaspace       used 114003K, capacity 117848K, committed 118016K, reserved 1150976K
  class space    used 14831K, capacity 16336K, committed 16384K, reserved 1048576K
}
Event: 68.303 GC heap before
{Heap before GC invocations=49 (full 0):
 garbage-first heap   total 227328K, used 180437K [0x0000000080000000, 0x0000000100000000)
  region size 1024K, 57 young (58368K), 5 survivors (5120K)
 Metaspace       used 116139K, capacity 119887K, committed 120448K, reserved 1153024K
  class space    used 15078K, capacity 16533K, committed 16768K, reserved 1048576K
}
Event: 68.309 GC heap after
{Heap after GC invocations=50 (full 0):
 garbage-first heap   total 227328K, used 123717K [0x0000000080000000, 0x0000000100000000)
  region size 1024K, 4 young (4096K), 4 survivors (4096K)
 Metaspace       used 116139K, capacity 119887K, committed 120448K, reserved 1153024K
  class space    used 15078K, capacity 16533K, committed 16768K, reserved 1048576K
}
Event: 68.402 GC heap before
{Heap before GC invocations=50 (full 0):
 garbage-first heap   total 227328K, used 130885K [0x0000000080000000, 0x0000000100000000)
  region size 1024K, 11 young (11264K), 4 survivors (4096K)
 Metaspace       used 116194K, capacity 119893K, committed 120448K, reserved 1153024K
  class space    used 15084K, capacity 16535K, committed 16768K, reserved 1048576K
}
Event: 68.415 GC heap after
{Heap after GC invocations=51 (full 0):
 garbage-first heap   total 227328K, used 112595K [0x0000000080000000, 0x0000000100000000)
  region size 1024K, 2 young (2048K), 2 survivors (2048K)
 Metaspace       used 116194K, capacity 119893K, committed 120448K, reserved 1153024K
  class space    used 15084K, capacity 16535K, committed 16768K, reserved 1048576K
}
Event: 207.134 GC heap before
{Heap before GC invocations=51 (full 0):
 garbage-first heap   total 227328K, used 216019K [0x0000000080000000, 0x0000000100000000)
  region size 1024K, 65 young (66560K), 2 survivors (2048K)
 Metaspace       used 117648K, capacity 121453K, committed 121856K, reserved 1155072K
  class space    used 15236K, capacity 16693K, committed 16896K, reserved 1048576K
}
Event: 207.211 GC heap after
{Heap after GC invocations=52 (full 0):
 garbage-first heap   total 227328K, used 117678K [0x0000000080000000, 0x0000000100000000)
  region size 1024K, 7 young (7168K), 7 survivors (7168K)
 Metaspace       used 117648K, capacity 121453K, committed 121856K, reserved 1155072K
  class space    used 15236K, capacity 16693K, committed 16896K, reserved 1048576K
}
Event: 410.289 GC heap before
{Heap before GC invocations=52 (full 0):
 garbage-first heap   total 227328K, used 179118K [0x0000000080000000, 0x0000000100000000)
  region size 1024K, 68 young (69632K), 7 survivors (7168K)
 Metaspace       used 118104K, capacity 121990K, committed 122368K, reserved 1155072K
  class space    used 15266K, capacity 16746K, committed 16896K, reserved 1048576K
}
Event: 410.342 GC heap after
{Heap after GC invocations=53 (full 0):
 garbage-first heap   total 227328K, used 118730K [0x0000000080000000, 0x0000000100000000)
  region size 1024K, 6 young (6144K), 6 survivors (6144K)
 Metaspace       used 118104K, capacity 121990K, committed 122368K, reserved 1155072K
  class space    used 15266K, capacity 16746K, committed 16896K, reserved 1048576K
}
Event: 410.950 GC heap before
{Heap before GC invocations=53 (full 0):
 garbage-first heap   total 227328K, used 125898K [0x0000000080000000, 0x0000000100000000)
  region size 1024K, 14 young (14336K), 6 survivors (6144K)
 Metaspace       used 118229K, capacity 122134K, committed 122368K, reserved 1155072K
  class space    used 15273K, capacity 16751K, committed 16896K, reserved 1048576K
}
Event: 411.011 GC heap after
{Heap after GC invocations=54 (full 0):
 garbage-first heap   total 227328K, used 120347K [0x0000000080000000, 0x0000000100000000)
  region size 1024K, 2 young (2048K), 2 survivors (2048K)
 Metaspace       used 118229K, capacity 122134K, committed 122368K, reserved 1155072K
  class space    used 15273K, capacity 16751K, committed 16896K, reserved 1048576K
}

Deoptimization events (20 events):
Event: 410.403 Thread 0x000001ecccbcf800 DEOPT PACKING pc=0x000001ecb560a444 sp=0x000000e44e6fe340
Event: 410.403 Thread 0x000001ecccbce000 DEOPT PACKING pc=0x000001ecb560a444 sp=0x000000e44e8fdd10
Event: 410.403 Thread 0x000001ecccbcf800 DEOPT UNPACKING pc=0x000001ecad4378af sp=0x000000e44e6fe1a0 mode 2
Event: 410.403 Thread 0x000001ecccbce000 DEOPT UNPACKING pc=0x000001ecad4378af sp=0x000000e44e8fdb70 mode 2
Event: 410.408 Thread 0x000001ecccbcf800 Uncommon trap: trap_request=0xffffff4d fr.pc=0x000001ecb52c1190 relative=0x0000000000000350
Event: 410.408 Thread 0x000001ecccbcf800 Uncommon trap: reason=unstable_if action=reinterpret pc=0x000001ecb52c1190 method=java.util.concurrent.ConcurrentLinkedQueue.offer(Ljava/lang/Object;)Z @ 42 c2
Event: 410.408 Thread 0x000001ecccbcf800 DEOPT PACKING pc=0x000001ecb52c1190 sp=0x000000e44e6fe230
Event: 410.408 Thread 0x000001ecccbcf800 DEOPT UNPACKING pc=0x000001ecad4378af sp=0x000000e44e6fe168 mode 2
Event: 410.510 Thread 0x000001ecd0ebe800 Uncommon trap: trap_request=0xffffff4d fr.pc=0x000001ecb5269724 relative=0x00000000000001e4
Event: 410.510 Thread 0x000001ecd0ebe800 Uncommon trap: reason=unstable_if action=reinterpret pc=0x000001ecb5269724 method=com.google.common.collect.RegularImmutableSet.contains(Ljava/lang/Object;)Z @ 10 c2
Event: 410.510 Thread 0x000001ecd0ebe800 DEOPT PACKING pc=0x000001ecb5269724 sp=0x000000e44f3fa360
Event: 410.511 Thread 0x000001ecd0ebe800 DEOPT UNPACKING pc=0x000001ecad4378af sp=0x000000e44f3fa2f8 mode 2
Event: 411.021 Thread 0x000001ecd0ebe800 Uncommon trap: trap_request=0xffffff4d fr.pc=0x000001ecb54d7260 relative=0x0000000000002160
Event: 411.023 Thread 0x000001ecd0ebe800 Uncommon trap: reason=unstable_if action=reinterpret pc=0x000001ecb54d7260 method=sun.nio.ch.Util$BufferCache.get(I)Ljava/nio/ByteBuffer; @ 47 c2
Event: 411.023 Thread 0x000001ecd0ebe800 DEOPT PACKING pc=0x000001ecb54d7260 sp=0x000000e44f3f8c70
Event: 411.023 Thread 0x000001ecd0ebe800 DEOPT UNPACKING pc=0x000001ecad4378af sp=0x000000e44f3f8a40 mode 2
Event: 411.051 Thread 0x000001ecd0ebe800 Uncommon trap: trap_request=0xfffffff4 fr.pc=0x000001ecb54de544 relative=0x00000000000002e4
Event: 411.051 Thread 0x000001ecd0ebe800 Uncommon trap: reason=null_check action=make_not_entrant pc=0x000001ecb54de544 method=jdk.nio.zipfs.ZipFileSystem$IndexNode.keyOf([B)Ljdk/nio/zipfs/ZipFileSystem$IndexNode; @ 6 c2
Event: 411.051 Thread 0x000001ecd0ebe800 DEOPT PACKING pc=0x000001ecb54de544 sp=0x000000e44f3f8dc0
Event: 411.052 Thread 0x000001ecd0ebe800 DEOPT UNPACKING pc=0x000001ecad4378af sp=0x000000e44f3f8d90 mode 2

Classes redefined (0 events):
No events

Internal exceptions (20 events):
Event: 206.240 Thread 0x000001ecd0ec2000 Exception <a 'sun/nio/fs/WindowsException'{0x000000008b332a80}> (0x000000008b332a80) thrown at [./src/hotspot/share/prims/jni.cpp, line 615]
Event: 206.241 Thread 0x000001ecd0ec2000 Exception <a 'sun/nio/fs/WindowsException'{0x000000008b333b50}> (0x000000008b333b50) thrown at [./src/hotspot/share/prims/jni.cpp, line 615]
Event: 206.241 Thread 0x000001ecd0ec2000 Exception <a 'sun/nio/fs/WindowsException'{0x000000008b334c70}> (0x000000008b334c70) thrown at [./src/hotspot/share/prims/jni.cpp, line 615]
Event: 206.242 Thread 0x000001ecd0ec2000 Exception <a 'sun/nio/fs/WindowsException'{0x000000008b335d90}> (0x000000008b335d90) thrown at [./src/hotspot/share/prims/jni.cpp, line 615]
Event: 206.746 Thread 0x000001ecccbc5000 Implicit null exception at 0x000001ecb5640b55 to 0x000001ecb5640fac
Event: 206.746 Thread 0x000001ecccbcc800 Implicit null exception at 0x000001ecb5640b55 to 0x000001ecb5640fac
Event: 206.751 Thread 0x000001ecccbc6800 Implicit null exception at 0x000001ecb563fe52 to 0x000001ecb5640258
Event: 206.751 Thread 0x000001ecccbcc800 Implicit null exception at 0x000001ecb563fe52 to 0x000001ecb5640258
Event: 206.751 Thread 0x000001ecccbc8000 Implicit null exception at 0x000001ecb563fe52 to 0x000001ecb5640258
Event: 408.805 Thread 0x000001ecccbc8000 Exception <a 'sun/nio/fs/WindowsException'{0x000000008bb3a478}> (0x000000008bb3a478) thrown at [./src/hotspot/share/prims/jni.cpp, line 615]
Event: 409.245 Thread 0x000001ecccbc8000 Exception <a 'java/lang/NoClassDefFoundError'{0x000000008b857460}: org/jetbrains/kotlin/gradle/plugin/KotlinBasePluginWrapper> (0x000000008b857460) thrown at [./src/hotspot/share/oops/constantPool.cpp, line 775]
Event: 409.366 Thread 0x000001ecccbc8000 Exception <a 'sun/nio/fs/WindowsException'{0x000000008b79b780}> (0x000000008b79b780) thrown at [./src/hotspot/share/prims/jni.cpp, line 615]
Event: 409.449 Thread 0x000001ecccbc8000 Exception <a 'sun/nio/fs/WindowsException'{0x000000008b63f548}> (0x000000008b63f548) thrown at [./src/hotspot/share/prims/jni.cpp, line 615]
Event: 409.449 Thread 0x000001ecccbc8000 Exception <a 'sun/nio/fs/WindowsException'{0x000000008b640618}> (0x000000008b640618) thrown at [./src/hotspot/share/prims/jni.cpp, line 615]
Event: 409.449 Thread 0x000001ecccbc8000 Exception <a 'sun/nio/fs/WindowsException'{0x000000008b641738}> (0x000000008b641738) thrown at [./src/hotspot/share/prims/jni.cpp, line 615]
Event: 409.450 Thread 0x000001ecccbc8000 Exception <a 'sun/nio/fs/WindowsException'{0x000000008b642858}> (0x000000008b642858) thrown at [./src/hotspot/share/prims/jni.cpp, line 615]
Event: 410.510 Thread 0x000001ecd0ebe800 Implicit null exception at 0x000001ecb5269577 to 0x000001ecb526970c
Event: 410.823 Thread 0x000001ecd0ebe800 Exception <a 'sun/nio/fs/WindowsException'{0x000000008d7d0e08}> (0x000000008d7d0e08) thrown at [./src/hotspot/share/prims/jni.cpp, line 615]
Event: 410.934 Thread 0x000001ecd0ebe800 Exception <a 'sun/nio/fs/WindowsException'{0x000000008d6ceca0}> (0x000000008d6ceca0) thrown at [./src/hotspot/share/prims/jni.cpp, line 615]
Event: 410.935 Thread 0x000001ecd0ebe800 Exception <a 'sun/nio/fs/WindowsException'{0x000000008d6ceda8}> (0x000000008d6ceda8) thrown at [./src/hotspot/share/prims/jni.cpp, line 615]

Events (20 events):
Event: 410.475 loading class it/unimi/dsi/fastutil/ints/IntIterators$EmptyIterator
Event: 410.475 loading class it/unimi/dsi/fastutil/ints/IntIterators$EmptyIterator done
Event: 410.514 loading class org/gradle/api/internal/tasks/compile/incremental/recomp/RecompilationSpec
Event: 410.514 loading class org/gradle/api/internal/tasks/compile/incremental/recomp/RecompilationSpec done
Event: 410.520 loading class org/gradle/api/tasks/util/PatternSet
Event: 410.520 loading class org/gradle/api/tasks/util/PatternSet done
Event: 410.520 loading class org/gradle/api/tasks/util/PatternSet
Event: 410.520 loading class org/gradle/api/tasks/util/PatternSet done
Event: 410.524 loading class org/gradle/api/tasks/util/PatternFilterable
Event: 410.524 loading class org/gradle/api/tasks/util/PatternFilterable done
Event: 410.524 loading class org/gradle/api/tasks/util/PatternSet
Event: 410.524 loading class org/gradle/api/tasks/util/PatternSet done
Event: 410.524 loading class org/gradle/api/internal/file/CompositeFileTree
Event: 410.524 loading class org/gradle/api/internal/file/CompositeFileTree done
Event: 410.525 loading class org/gradle/api/internal/file/FileCollectionInternal
Event: 410.525 loading class org/gradle/api/internal/file/FileCollectionInternal done
Event: 410.949 Executing VM operation: G1CollectForAllocation
Event: 411.011 Executing VM operation: G1CollectForAllocation done
Event: 411.022 Executing VM operation: RevokeBias
Event: 411.023 Executing VM operation: RevokeBias done


Dynamic libraries:
0x00007ff674df0000 - 0x00007ff674dfa000 	C:\Program Files\Android\Android Studio\jre\bin\java.exe
0x00007ff8b0e70000 - 0x00007ff8b1068000 	C:\WINDOWS\SYSTEM32\ntdll.dll
0x00007ff8af090000 - 0x00007ff8af14f000 	C:\WINDOWS\System32\KERNEL32.DLL
0x00007ff8ae5e0000 - 0x00007ff8ae8b2000 	C:\WINDOWS\System32\KERNELBASE.dll
0x00007ff8aedc0000 - 0x00007ff8aeec0000 	C:\WINDOWS\System32\ucrtbase.dll
0x00007ff88f5b0000 - 0x00007ff88f5c9000 	C:\Program Files\Android\Android Studio\jre\bin\jli.dll
0x00007ff88dbd0000 - 0x00007ff88dbe7000 	C:\Program Files\Android\Android Studio\jre\bin\VCRUNTIME140.dll
0x00007ff8aeec0000 - 0x00007ff8af05d000 	C:\WINDOWS\System32\USER32.dll
0x00007ff8aea00000 - 0x00007ff8aea22000 	C:\WINDOWS\System32\win32u.dll
0x00007ff895f70000 - 0x00007ff89620a000 	C:\WINDOWS\WinSxS\amd64_microsoft.windows.common-controls_6595b64144ccf1df_6.0.19041.1110_none_60b5254171f9507e\COMCTL32.dll
0x00007ff8af060000 - 0x00007ff8af08b000 	C:\WINDOWS\System32\GDI32.dll
0x00007ff8af270000 - 0x00007ff8af30e000 	C:\WINDOWS\System32\msvcrt.dll
0x00007ff8aea30000 - 0x00007ff8aeb3f000 	C:\WINDOWS\System32\gdi32full.dll
0x00007ff8aeb40000 - 0x00007ff8aebdd000 	C:\WINDOWS\System32\msvcp_win.dll
0x00007ff8b0540000 - 0x00007ff8b0572000 	C:\WINDOWS\System32\IMM32.DLL
0x00007ff879ea0000 - 0x00007ff879f3d000 	C:\Program Files\Android\Android Studio\jre\bin\msvcp140.dll
0x00007ff85bf90000 - 0x00007ff85ca5f000 	C:\Program Files\Android\Android Studio\jre\bin\server\jvm.dll
0x00007ff8af1b0000 - 0x00007ff8af25e000 	C:\WINDOWS\System32\ADVAPI32.dll
0x00007ff8b0780000 - 0x00007ff8b081c000 	C:\WINDOWS\System32\sechost.dll
0x00007ff8b05e0000 - 0x00007ff8b0705000 	C:\WINDOWS\System32\RPCRT4.dll
0x00007ff8af260000 - 0x00007ff8af268000 	C:\WINDOWS\System32\PSAPI.DLL
0x00007ff895ef0000 - 0x00007ff895f17000 	C:\WINDOWS\SYSTEM32\WINMM.dll
0x00007ff8a1410000 - 0x00007ff8a141a000 	C:\WINDOWS\SYSTEM32\VERSION.dll
0x00007ff893a60000 - 0x00007ff893a69000 	C:\WINDOWS\SYSTEM32\WSOCK32.dll
0x00007ff8b0710000 - 0x00007ff8b077b000 	C:\WINDOWS\System32\WS2_32.dll
0x00007ff8ac610000 - 0x00007ff8ac622000 	C:\WINDOWS\SYSTEM32\kernel.appcore.dll
0x00007ff8a5f20000 - 0x00007ff8a5f31000 	C:\Program Files\Android\Android Studio\jre\bin\verify.dll
0x00007ff8a8950000 - 0x00007ff8a8b34000 	C:\WINDOWS\SYSTEM32\DBGHELP.DLL
0x00007ff892e70000 - 0x00007ff892e9c000 	C:\WINDOWS\SYSTEM32\dbgcore.DLL
0x00007ff8ae8c0000 - 0x00007ff8ae942000 	C:\WINDOWS\System32\bcryptPrimitives.dll
0x00007ff8934a0000 - 0x00007ff8934c9000 	C:\Program Files\Android\Android Studio\jre\bin\java.dll
0x00007ff8a5fd0000 - 0x00007ff8a5fdb000 	C:\Program Files\Android\Android Studio\jre\bin\jimage.dll
0x00007ff8a5a80000 - 0x00007ff8a5a98000 	C:\Program Files\Android\Android Studio\jre\bin\zip.dll
0x00007ff8afa00000 - 0x00007ff8b0143000 	C:\WINDOWS\System32\SHELL32.dll
0x00007ff8ac630000 - 0x00007ff8acdc2000 	C:\WINDOWS\SYSTEM32\windows.storage.dll
0x00007ff8af680000 - 0x00007ff8af9d4000 	C:\WINDOWS\System32\combase.dll
0x00007ff8adfd0000 - 0x00007ff8ae000000 	C:\WINDOWS\SYSTEM32\Wldp.dll
0x00007ff8b0d80000 - 0x00007ff8b0e2d000 	C:\WINDOWS\System32\SHCORE.dll
0x00007ff8af620000 - 0x00007ff8af675000 	C:\WINDOWS\System32\shlwapi.dll
0x00007ff8ae4b0000 - 0x00007ff8ae4cf000 	C:\WINDOWS\SYSTEM32\profapi.dll
0x00007ff8935f0000 - 0x00007ff89360a000 	C:\Program Files\Android\Android Studio\jre\bin\net.dll
0x00007ff8a5cf0000 - 0x00007ff8a5dfc000 	C:\WINDOWS\SYSTEM32\WINHTTP.dll
0x00007ff8add30000 - 0x00007ff8add9a000 	C:\WINDOWS\system32\mswsock.dll
0x00007ff893570000 - 0x00007ff893584000 	C:\Program Files\Android\Android Studio\jre\bin\nio.dll
0x00007ff8933f0000 - 0x00007ff893417000 	C:\Users\prisi\.gradle\native\8bec1ad78214c89d9ad589b4d07fe93259594b29d510b10fafb7a158f7737e5d\windows-amd64\native-platform.dll
0x00007ff875390000 - 0x00007ff8754cd000 	C:\Users\prisi\.gradle\native\53dbd7edfb1c66fb8903c78663c9afc45aea4f116125fa6feffd364cf09443e8\windows-amd64\native-platform-file-events.dll
0x00007ff8a0a80000 - 0x00007ff8a0a8a000 	C:\Program Files\Android\Android Studio\jre\bin\management.dll
0x00007ff893660000 - 0x00007ff89366c000 	C:\Program Files\Android\Android Studio\jre\bin\management_ext.dll
0x00007ff8adf30000 - 0x00007ff8adf48000 	C:\WINDOWS\SYSTEM32\CRYPTSP.dll
0x00007ff8ad5e0000 - 0x00007ff8ad614000 	C:\WINDOWS\system32\rsaenh.dll
0x00007ff8aed90000 - 0x00007ff8aedb7000 	C:\WINDOWS\System32\bcrypt.dll
0x00007ff8ae470000 - 0x00007ff8ae49e000 	C:\WINDOWS\SYSTEM32\USERENV.dll
0x00007ff8adf20000 - 0x00007ff8adf2c000 	C:\WINDOWS\SYSTEM32\CRYPTBASE.dll
0x00007ff8ad9d0000 - 0x00007ff8ada0b000 	C:\WINDOWS\SYSTEM32\IPHLPAPI.DLL
0x00007ff8b0150000 - 0x00007ff8b0158000 	C:\WINDOWS\System32\NSI.dll
0x00007ff8a2f90000 - 0x00007ff8a2fa7000 	C:\WINDOWS\SYSTEM32\dhcpcsvc6.DLL
0x00007ff8a4230000 - 0x00007ff8a424d000 	C:\WINDOWS\SYSTEM32\dhcpcsvc.DLL
0x00007ff8ada10000 - 0x00007ff8adada000 	C:\WINDOWS\SYSTEM32\DNSAPI.dll
0x00007ff893420000 - 0x00007ff893447000 	C:\Program Files\Android\Android Studio\jre\bin\sunec.dll

dbghelp: loaded successfully - version: 4.0.5 - missing functions: none
symbol engine: initialized successfully - sym options: 0x614 - pdb path: .;C:\Program Files\Android\Android Studio\jre\bin;C:\WINDOWS\SYSTEM32;C:\WINDOWS\WinSxS\amd64_microsoft.windows.common-controls_6595b64144ccf1df_6.0.19041.1110_none_60b5254171f9507e;C:\Program Files\Android\Android Studio\jre\bin\server;C:\Users\prisi\.gradle\native\8bec1ad78214c89d9ad589b4d07fe93259594b29d510b10fafb7a158f7737e5d\windows-amd64;C:\Users\prisi\.gradle\native\53dbd7edfb1c66fb8903c78663c9afc45aea4f116125fa6feffd364cf09443e8\windows-amd64

VM Arguments:
jvm_args: --add-opens=java.base/java.util=ALL-UNNAMED --add-opens=java.base/java.lang=ALL-UNNAMED --add-opens=java.base/java.lang.invoke=ALL-UNNAMED --add-opens=java.base/java.util=ALL-UNNAMED --add-opens=java.prefs/java.util.prefs=ALL-UNNAMED --add-opens=java.prefs/java.util.prefs=ALL-UNNAMED --add-opens=java.base/java.nio.charset=ALL-UNNAMED --add-opens=java.base/java.net=ALL-UNNAMED --add-opens=java.base/java.util.concurrent.atomic=ALL-UNNAMED -Xmx2048m -Dfile.encoding=UTF-8 -Duser.country=US -Duser.language=en -Duser.variant 
java_command: org.gradle.launcher.daemon.bootstrap.GradleDaemon 7.0.2
java_class_path (initial): C:\Users\prisi\.gradle\wrapper\dists\gradle-7.0.2-bin\857tjihv64xamwrf0h14cai3r\gradle-7.0.2\lib\gradle-launcher-7.0.2.jar
Launcher Type: SUN_STANDARD

[Global flags]
     intx CICompilerCount                          = 4                                         {product} {ergonomic}
     uint ConcGCThreads                            = 2                                         {product} {ergonomic}
     uint G1ConcRefinementThreads                  = 8                                         {product} {ergonomic}
   size_t G1HeapRegionSize                         = 1048576                                   {product} {ergonomic}
    uintx GCDrainStackTargetSize                   = 64                                        {product} {ergonomic}
   size_t InitialHeapSize                          = 134217728                                 {product} {ergonomic}
   size_t MarkStackSize                            = 4194304                                   {product} {ergonomic}
   size_t MaxHeapSize                              = 2147483648                                {product} {command line}
   size_t MaxNewSize                               = 1287651328                                {product} {ergonomic}
   size_t MinHeapDeltaBytes                        = 1048576                                   {product} {ergonomic}
    uintx NonNMethodCodeHeapSize                   = 5836300                                {pd product} {ergonomic}
    uintx NonProfiledCodeHeapSize                  = 122910970                              {pd product} {ergonomic}
    uintx ProfiledCodeHeapSize                     = 122910970                              {pd product} {ergonomic}
    uintx ReservedCodeCacheSize                    = 251658240                              {pd product} {ergonomic}
     bool SegmentedCodeCache                       = true                                      {product} {ergonomic}
     bool UseCompressedClassPointers               = true                                 {lp64_product} {ergonomic}
     bool UseCompressedOops                        = true                                 {lp64_product} {ergonomic}
     bool UseG1GC                                  = true                                      {product} {ergonomic}
     bool UseLargePagesIndividualAllocation        = false                                  {pd product} {ergonomic}

Logging:
Log output configuration:
 #0: stdout all=warning uptime,level,tags
 #1: stderr all=off uptime,level,tags

Environment Variables:
PATH=C:\oraclexe\app\oracle\product\11.2.0\server\bin;;C:\Program Files (x86)\Common Files\Oracle\Java\javapath;C:\WINDOWS\system32;C:\WINDOWS;C:\WINDOWS\System32\Wbem;C:\WINDOWS\System32\WindowsPowerShell\v1.0\;C:\Program Files\AutoFirma\AutoFirma;C:\WINDOWS\System32\OpenSSH\;C:\Program Files\Intel\WiFi\bin\;C:\Program Files\Common Files\Intel\WirelessCommon\;c:\Program Files (x86)\Intel\Intel(R) Management Engine Components\DAL;c:\Program Files\Intel\Intel(R) Management Engine Components\DAL;C:\Users\prisi\AppData\Local\Microsoft\WindowsApps;;C:\Users\prisi\AppData\Local\Programs\Microsoft VS Code\bin
USERNAME=prisi
OS=Windows_NT
PROCESSOR_IDENTIFIER=Intel64 Family 6 Model 142 Stepping 10, GenuineIntel



---------------  S Y S T E M  ---------------

OS: Windows 10 , 64 bit Build 19041 (10.0.19041.2251)
OS uptime: 2 days 22:44 hours

CPU:total 8 (initial active 8) (4 cores per cpu, 2 threads per core) family 6 model 142 stepping 10 microcode 0xf0, cmov, cx8, fxsr, mmx, sse, sse2, sse3, ssse3, sse4.1, sse4.2, popcnt, avx, avx2, aes, clmul, erms, 3dnowpref, lzcnt, ht, tsc, tscinvbit, bmi1, bmi2, adx, fma

Memory: 4k page, system-wide physical 8082M (133M free)
TotalPageFile size 32635M (AvailPageFile size 16798M)
current process WorkingSet (physical memory assigned to process): 343M, peak: 510M
current process commit charge ("private bytes"): 568M, peak: 578M

vm_info: OpenJDK 64-Bit Server VM (11.0.10+0-b96-7249189) for windows-amd64 JRE (11.0.10+0-b96-7249189), built on Mar 31 2021 21:44:00 by "builder" with MS VC++ 14.0 (VS2015)

END.
